#
# There is insufficient memory for the Java Runtime Environment to continue.
# Native memory allocation (mmap) failed to map 422576128 bytes for Failed to commit area from 0x0000000096e00000 to 0x00000000b0100000 of length 422576128.
# Possible reasons:
#   The system is out of physical RAM or swap space
#   The process is running with CompressedOops enabled, and the Java Heap may be blocking the growth of the native heap
# Possible solutions:
#   Reduce memory load on the system
#   Increase physical memory or swap space
#   Check if swap backing store is full
#   Decrease Java heap size (-Xmx/-Xms)
#   Decrease number of Java threads
#   Decrease Java thread stack sizes (-Xss)
#   Set larger code cache with -XX:ReservedCodeCacheSize=
#   JVM is running with Unscaled Compressed Oops mode in which the Java heap is
#     placed in the first 4GB address space. The Java Heap base address is the
#     maximum limit for the native heap growth. Please use -XX:HeapBaseMinAddress
#     to set the Java Heap base and to place the Java Heap above 4GB virtual address.
# This output file may be truncated or incomplete.
#
#  Out of Memory Error (./src/hotspot/os/windows/os_windows.cpp:3301), pid=29580, tid=20212
#
# JRE version: OpenJDK Runtime Environment (11.0.10) (build 11.0.10+0-b96-7249189)
# Java VM: OpenJDK 64-Bit Server VM (11.0.10+0-b96-7249189, mixed mode, tiered, compressed oops, g1 gc, windows-amd64)
# No core dump will be written. Minidumps are not enabled by default on client versions of Windows
#

---------------  S U M M A R Y ------------

Command Line: --add-opens=java.base/java.util=ALL-UNNAMED --add-opens=java.base/java.lang=ALL-UNNAMED --add-opens=java.base/java.lang.invoke=ALL-UNNAMED --add-opens=java.base/java.util=ALL-UNNAMED --add-opens=java.prefs/java.util.prefs=ALL-UNNAMED --add-opens=java.prefs/java.util.prefs=ALL-UNNAMED --add-opens=java.base/java.nio.charset=ALL-UNNAMED --add-opens=java.base/java.net=ALL-UNNAMED --add-opens=java.base/java.util.concurrent.atomic=ALL-UNNAMED -Xmx2048m -Dfile.encoding=UTF-8 -Duser.country=US -Duser.language=en -Duser.variant org.gradle.launcher.daemon.bootstrap.GradleDaemon 7.0.2

Host: Intel(R) Core(TM) i5-1035G1 CPU @ 1.00GHz, 8 cores, 7G,  Windows 10 , 64 bit Build 19041 (10.0.19041.1348)
Time: Mon Nov 22 07:11:00 2021 India Standard Time elapsed time: 406.165289 seconds (0d 0h 6m 46s)

---------------  T H R E A D  ---------------

Current thread (0x0000020c1f38c000):  VMThread "VM Thread" [stack: 0x0000007e08700000,0x0000007e08800000] [id=20212]

Stack: [0x0000007e08700000,0x0000007e08800000]
[error occurred during error reporting (printing stack bounds), id 0xc0000005, EXCEPTION_ACCESS_VIOLATION (0xc0000005) at pc=0x0000020c08a210e7]

Native frames: (J=compiled Java code, j=interpreted, Vv=VM code, C=native code)
V  [jvm.dll+0x5ecfaa]
V  [jvm.dll+0x722bd5]
V  [jvm.dll+0x72412d]
V  [jvm.dll+0x724745]
V  [jvm.dll+0x7246fb]
V  [jvm.dll+0x5ec348]
V  [jvm.dll+0x5ecad8]
C  [ntdll.dll+0xa20cf]
C  [ntdll.dll+0x51454]
C  [ntdll.dll+0xa0bfe]
C  0x0000020c08a210e7

VM_Operation (0x0000007e0aff8d00): G1CollectForAllocation, mode: safepoint, requested by thread 0x0000020c27f90000


---------------  P R O C E S S  ---------------

Threads class SMR info:
_java_thread_list=0x0000020c25e3cc00, length=67, elements={
0x0000020c04f2d800, 0x0000020c1f393000, 0x0000020c1f396800, 0x0000020c1f3a9800,
0x0000020c1f3aa800, 0x0000020c1f3ac800, 0x0000020c1f3ad800, 0x0000020c1f3b1800,
0x0000020c1f3b4800, 0x0000020c1fe61800, 0x0000020c21f91800, 0x0000020c225a9000,
0x0000020c21bb3800, 0x0000020c21fd5800, 0x0000020c21fd3000, 0x0000020c21fd8000,
0x0000020c21fd4800, 0x0000020c21fd4000, 0x0000020c236f4800, 0x0000020c236f4000,
0x0000020c236f0800, 0x0000020c236f5800, 0x0000020c236fc000, 0x0000020c25689000,
0x0000020c25687000, 0x0000020c2568b800, 0x0000020c2568b000, 0x0000020c2568a000,
0x0000020c25688800, 0x0000020c25efe000, 0x0000020c25f05800, 0x0000020c25f0a800,
0x0000020c25f0c000, 0x0000020c27f8b000, 0x0000020c27f8c000, 0x0000020c25691800,
0x0000020c25eff800, 0x0000020c25f02000, 0x0000020c25f03000, 0x0000020c25efd000,
0x0000020c25f04000, 0x0000020c25f04800, 0x0000020c25eff000, 0x0000020c25f06000,
0x0000020c25f08800, 0x0000020c25f07000, 0x0000020c25f09800, 0x0000020c25f08000,
0x0000020c25f0b000, 0x0000020c2d037000, 0x0000020c22292800, 0x0000020c27f90000,
0x0000020c27f8d000, 0x0000020c27f8a800, 0x0000020c27f8e800, 0x0000020c27f92800,
0x0000020c27f91000, 0x0000020c27f8f000, 0x0000020c27f91800, 0x0000020c27f8d800,
0x0000020c27f95800, 0x0000020c27f96800, 0x0000020c27f94000, 0x0000020c27f95000,
0x0000020c27f97800, 0x0000020c27f98000, 0x0000020c27f99000
}

Java Threads: ( => current thread )
  0x0000020c04f2d800 JavaThread "main" [_thread_blocked, id=26200, stack(0x0000007e08100000,0x0000007e08200000)]
  0x0000020c1f393000 JavaThread "Reference Handler" daemon [_thread_blocked, id=24920, stack(0x0000007e08800000,0x0000007e08900000)]
  0x0000020c1f396800 JavaThread "Finalizer" daemon [_thread_blocked, id=23436, stack(0x0000007e08900000,0x0000007e08a00000)]
  0x0000020c1f3a9800 JavaThread "Signal Dispatcher" daemon [_thread_blocked, id=20748, stack(0x0000007e08a00000,0x0000007e08b00000)]
  0x0000020c1f3aa800 JavaThread "Attach Listener" daemon [_thread_blocked, id=17116, stack(0x0000007e08b00000,0x0000007e08c00000)]
  0x0000020c1f3ac800 JavaThread "Service Thread" daemon [_thread_blocked, id=24568, stack(0x0000007e08c00000,0x0000007e08d00000)]
  0x0000020c1f3ad800 JavaThread "C2 CompilerThread0" daemon [_thread_blocked, id=14612, stack(0x0000007e08d00000,0x0000007e08e00000)]
  0x0000020c1f3b1800 JavaThread "C1 CompilerThread0" daemon [_thread_blocked, id=16476, stack(0x0000007e08e00000,0x0000007e08f00000)]
  0x0000020c1f3b4800 JavaThread "Sweeper thread" daemon [_thread_blocked, id=34364, stack(0x0000007e08f00000,0x0000007e09000000)]
  0x0000020c1fe61800 JavaThread "Common-Cleaner" daemon [_thread_blocked, id=9064, stack(0x0000007e09000000,0x0000007e09100000)]
  0x0000020c21f91800 JavaThread "Daemon health stats" [_thread_blocked, id=16328, stack(0x0000007e09600000,0x0000007e09700000)]
  0x0000020c225a9000 JavaThread "Incoming local TCP Connector on port 49187" [_thread_in_native, id=8268, stack(0x0000007e09200000,0x0000007e09300000)]
  0x0000020c21bb3800 JavaThread "Daemon periodic checks" [_thread_blocked, id=32528, stack(0x0000007e09300000,0x0000007e09400000)]
  0x0000020c21fd5800 JavaThread "Cache worker for file hash cache (C:\Users\Abhinay\.gradle\caches\7.0.2\fileHashes)" [_thread_blocked, id=19396, stack(0x0000007e0a300000,0x0000007e0a400000)]
  0x0000020c21fd3000 JavaThread "File lock request listener" [_thread_in_native, id=15288, stack(0x0000007e0a400000,0x0000007e0a500000)]
  0x0000020c21fd8000 JavaThread "Cache worker for journal cache (C:\Users\Abhinay\.gradle\caches\journal-1)" [_thread_blocked, id=31236, stack(0x0000007e0a600000,0x0000007e0a700000)]
  0x0000020c21fd4800 JavaThread "File watcher server" daemon [_thread_blocked, id=24696, stack(0x0000007e0a800000,0x0000007e0a900000)]
  0x0000020c21fd4000 JavaThread "File watcher consumer" daemon [_thread_blocked, id=23604, stack(0x0000007e0a900000,0x0000007e0aa00000)]
  0x0000020c236f4800 JavaThread "Cache worker for execution history cache (C:\Users\Abhinay\.gradle\caches\7.0.2\executionHistory)" [_thread_blocked, id=16572, stack(0x0000007e0ae00000,0x0000007e0af00000)]
  0x0000020c236f4000 JavaThread "jar transforms" [_thread_blocked, id=29864, stack(0x0000007e0b000000,0x0000007e0b100000)]
  0x0000020c236f0800 JavaThread "jar transforms Thread 2" [_thread_blocked, id=22420, stack(0x0000007e0b100000,0x0000007e0b200000)]
  0x0000020c236f5800 JavaThread "Cache worker for file content cache (C:\Users\Abhinay\.gradle\caches\7.0.2\fileContent)" [_thread_blocked, id=3576, stack(0x0000007e0b200000,0x0000007e0b300000)]
  0x0000020c236fc000 JavaThread "jar transforms Thread 3" [_thread_blocked, id=27716, stack(0x0000007e0b400000,0x0000007e0b500000)]
  0x0000020c25689000 JavaThread "jar transforms Thread 4" [_thread_blocked, id=32796, stack(0x0000007e0bd00000,0x0000007e0be00000)]
  0x0000020c25687000 JavaThread "jar transforms Thread 5" [_thread_blocked, id=20036, stack(0x0000007e0be00000,0x0000007e0bf00000)]
  0x0000020c2568b800 JavaThread "jar transforms Thread 6" [_thread_blocked, id=31772, stack(0x0000007e0bf00000,0x0000007e0c000000)]
  0x0000020c2568b000 JavaThread "jar transforms Thread 7" [_thread_blocked, id=37448, stack(0x0000007e0c000000,0x0000007e0c100000)]
  0x0000020c2568a000 JavaThread "jar transforms Thread 8" [_thread_blocked, id=32092, stack(0x0000007e0c100000,0x0000007e0c200000)]
  0x0000020c25688800 JavaThread "Memory manager" [_thread_blocked, id=15008, stack(0x0000007e0c200000,0x0000007e0c300000)]
  0x0000020c25efe000 JavaThread "Cache worker for Java compile cache (C:\Users\Abhinay\.gradle\caches\7.0.2\javaCompile)" [_thread_blocked, id=22744, stack(0x0000007e0cf00000,0x0000007e0d000000)]
  0x0000020c25f05800 JavaThread "ForkJoinPool.commonPool-worker-3" daemon [_thread_blocked, id=31088, stack(0x0000007e0db00000,0x0000007e0dc00000)]
  0x0000020c25f0a800 JavaThread "ForkJoinPool.commonPool-worker-5" daemon [_thread_blocked, id=8084, stack(0x0000007e0dc00000,0x0000007e0dd00000)]
  0x0000020c25f0c000 JavaThread "ForkJoinPool.commonPool-worker-7" daemon [_thread_blocked, id=9616, stack(0x0000007e0dd00000,0x0000007e0de00000)]
  0x0000020c27f8b000 JavaThread "ForkJoinPool.commonPool-worker-9" daemon [_thread_blocked, id=2108, stack(0x0000007e0de00000,0x0000007e0df00000)]
  0x0000020c27f8c000 JavaThread "ForkJoinPool.commonPool-worker-11" daemon [_thread_blocked, id=28684, stack(0x0000007e0df00000,0x0000007e0e000000)]
  0x0000020c25691800 JavaThread "ForkJoinPool.commonPool-worker-1" daemon [_thread_blocked, id=16988, stack(0x0000007e0d000000,0x0000007e0d100000)]
  0x0000020c25eff800 JavaThread "Daemon Thread 3" [_thread_blocked, id=18840, stack(0x0000007e07e00000,0x0000007e07f00000)]
  0x0000020c25f02000 JavaThread "Handler for socket connection from /127.0.0.1:49187 to /127.0.0.1:49517" [_thread_in_native, id=28940, stack(0x0000007e07f00000,0x0000007e08000000)]
  0x0000020c25f03000 JavaThread "Cancel handler" [_thread_blocked, id=30380, stack(0x0000007e08000000,0x0000007e08100000)]
  0x0000020c25efd000 JavaThread "Daemon worker Thread 3" [_thread_blocked, id=15376, stack(0x0000007e09700000,0x0000007e09800000)]
  0x0000020c25f04000 JavaThread "Asynchronous log dispatcher for DefaultDaemonConnection: socket connection from /127.0.0.1:49187 to /127.0.0.1:49517" [_thread_blocked, id=30656, stack(0x0000007e09800000,0x0000007e09900000)]
  0x0000020c25f04800 JavaThread "Stdin handler" [_thread_blocked, id=31576, stack(0x0000007e09900000,0x0000007e09a00000)]
  0x0000020c25eff000 JavaThread "Daemon client event forwarder" [_thread_blocked, id=37224, stack(0x0000007e09a00000,0x0000007e09b00000)]
  0x0000020c25f06000 JavaThread "Cache worker for file hash cache (C:\Users\Abhinay\Desktop\SportsInfo\.gradle\7.0.2\fileHashes)" [_thread_blocked, id=31720, stack(0x0000007e09b00000,0x0000007e09c00000)]
  0x0000020c25f08800 JavaThread "Cache worker for checksums cache (C:\Users\Abhinay\Desktop\SportsInfo\.gradle\checksums)" [_thread_blocked, id=18688, stack(0x0000007e09c00000,0x0000007e09d00000)]
  0x0000020c25f07000 JavaThread "Cache worker for cache directory md-supplier (C:\Users\Abhinay\.gradle\caches\7.0.2\md-supplier)" [_thread_blocked, id=7972, stack(0x0000007e09d00000,0x0000007e09e00000)]
  0x0000020c25f09800 JavaThread "Cache worker for cache directory md-rule (C:\Users\Abhinay\.gradle\caches\7.0.2\md-rule)" [_thread_blocked, id=31256, stack(0x0000007e0a700000,0x0000007e0a800000)]
  0x0000020c25f08000 JavaThread "Cache worker for dependencies-accessors (C:\Users\Abhinay\Desktop\SportsInfo\.gradle\7.0.2\dependencies-accessors)" [_thread_blocked, id=32276, stack(0x0000007e0aa00000,0x0000007e0ab00000)]
  0x0000020c25f0b000 JavaThread "Cache worker for Build Output Cleanup Cache (C:\Users\Abhinay\Desktop\SportsInfo\.gradle\buildOutputCleanup)" [_thread_blocked, id=17596, stack(0x0000007e0ab00000,0x0000007e0ac00000)]
  0x0000020c2d037000 JavaThread "C2 CompilerThread1" daemon [_thread_in_native, id=28320, stack(0x0000007e0ac00000,0x0000007e0ad00000)]
  0x0000020c22292800 JavaThread "C2 CompilerThread2" daemon [_thread_blocked, id=36172, stack(0x0000007e0ad00000,0x0000007e0ae00000)]
  0x0000020c27f90000 JavaThread "Build operations" [_thread_blocked, id=4452, stack(0x0000007e0af00000,0x0000007e0b000000)]
  0x0000020c27f8d000 JavaThread "Build operations Thread 2" [_thread_blocked, id=28792, stack(0x0000007e0b300000,0x0000007e0b400000)]
  0x0000020c27f8a800 JavaThread "Build operations Thread 3" [_thread_blocked, id=16464, stack(0x0000007e0b500000,0x0000007e0b600000)]
  0x0000020c27f8e800 JavaThread "Build operations Thread 4" [_thread_blocked, id=34696, stack(0x0000007e0b600000,0x0000007e0b700000)]
  0x0000020c27f92800 JavaThread "Build operations Thread 5" [_thread_blocked, id=33620, stack(0x0000007e0b700000,0x0000007e0b800000)]
  0x0000020c27f91000 JavaThread "Build operations Thread 6" [_thread_blocked, id=35580, stack(0x0000007e0b800000,0x0000007e0b900000)]
  0x0000020c27f8f000 JavaThread "Build operations Thread 7" [_thread_blocked, id=27868, stack(0x0000007e0b900000,0x0000007e0ba00000)]
  0x0000020c27f91800 JavaThread "Build operations Thread 8" [_thread_blocked, id=8004, stack(0x0000007e0ba00000,0x0000007e0bb00000)]
  0x0000020c27f8d800 JavaThread "Execution worker for ':'" [_thread_blocked, id=22268, stack(0x0000007e0bb00000,0x0000007e0bc00000)]
  0x0000020c27f95800 JavaThread "Execution worker for ':' Thread 2" [_thread_blocked, id=1496, stack(0x0000007e0bc00000,0x0000007e0bd00000)]
  0x0000020c27f96800 JavaThread "Execution worker for ':' Thread 3" [_thread_blocked, id=23300, stack(0x0000007e0c300000,0x0000007e0c400000)]
  0x0000020c27f94000 JavaThread "Execution worker for ':' Thread 4" [_thread_blocked, id=16512, stack(0x0000007e0c400000,0x0000007e0c500000)]
  0x0000020c27f95000 JavaThread "Execution worker for ':' Thread 5" [_thread_blocked, id=19756, stack(0x0000007e0c500000,0x0000007e0c600000)]
  0x0000020c27f97800 JavaThread "Execution worker for ':' Thread 6" [_thread_blocked, id=31024, stack(0x0000007e0c600000,0x0000007e0c700000)]
  0x0000020c27f98000 JavaThread "Execution worker for ':' Thread 7" [_thread_blocked, id=19712, stack(0x0000007e0c700000,0x0000007e0c800000)]
  0x0000020c27f99000 JavaThread "Cache worker for execution history cache (C:\Users\Abhinay\Desktop\SportsInfo\.gradle\7.0.2\executionHistory)" [_thread_blocked, id=35864, stack(0x0000007e0c800000,0x0000007e0c900000)]

Other Threads:
=>0x0000020c1f38c000 VMThread "VM Thread" [stack: 0x0000007e08700000,0x0000007e08800000] [id=20212]
  0x0000020c1fe71800 WatcherThread [stack: 0x0000007e09100000,0x0000007e09200000] [id=33332]
  0x0000020c04f48800 GCTaskThread "GC Thread#0" [stack: 0x0000007e08200000,0x0000007e08300000] [id=14088]
  0x0000020c20068000 GCTaskThread "GC Thread#1" [stack: 0x0000007e09400000,0x0000007e09500000] [id=19056]
  0x0000020c2048d000 GCTaskThread "GC Thread#2" [stack: 0x0000007e09500000,0x0000007e09600000] [id=6548]
  0x0000020c2150b800 GCTaskThread "GC Thread#3" [stack: 0x0000007e09e00000,0x0000007e09f00000] [id=15184]
  0x0000020c2150c800 GCTaskThread "GC Thread#4" [stack: 0x0000007e09f00000,0x0000007e0a000000] [id=10760]
  0x0000020c22a60000 GCTaskThread "GC Thread#5" [stack: 0x0000007e0a000000,0x0000007e0a100000] [id=2956]
  0x0000020c22a60800 GCTaskThread "GC Thread#6" [stack: 0x0000007e0a100000,0x0000007e0a200000] [id=12340]
  0x0000020c20c13800 GCTaskThread "GC Thread#7" [stack: 0x0000007e0a200000,0x0000007e0a300000] [id=37284]
  0x0000020c04f79000 ConcurrentGCThread "G1 Main Marker" [stack: 0x0000007e08300000,0x0000007e08400000] [id=15124]
  0x0000020c04f7a800 ConcurrentGCThread "G1 Conc#0" [stack: 0x0000007e08400000,0x0000007e08500000] [id=1244]
  0x0000020c21302000 ConcurrentGCThread "G1 Conc#1" [stack: 0x0000007e0a500000,0x0000007e0a600000] [id=19084]
  0x0000020c1f1e0800 ConcurrentGCThread "G1 Refine#0" [stack: 0x0000007e08500000,0x0000007e08600000] [id=15628]
  0x0000020c1fdf5000 ConcurrentGCThread "G1 Refine#1" [stack: 0x0000007e0cc00000,0x0000007e0cd00000] [id=17380]
  0x0000020c1f1e1800 ConcurrentGCThread "G1 Young RemSet Sampling" [stack: 0x0000007e08600000,0x0000007e08700000] [id=38848]

Threads with active compile tasks:
C2 CompilerThread0 406195 22664       4       com.android.tools.r8.internal.Nv::a (455 bytes)
C1 CompilerThread0 406196 22822 %     3       java.util.HashMap::containsValue @ 27 (89 bytes)
C2 CompilerThread1 406196 22535 %     4       com.android.tools.r8.internal.U6::a @ 66 (6044 bytes)
C2 CompilerThread2 406196 22713       4       com.android.tools.r8.internal.Jj::hasNext (217 bytes)

VM state:at safepoint (normal execution)

VM Mutex/Monitor currently owned by a thread:  ([mutex/lock_event])
[0x0000020c04f2ae70] Threads_lock - owner thread: 0x0000020c1f38c000
[0x0000020c04f29c70] Heap_lock - owner thread: 0x0000020c27f90000

Heap address: 0x0000000080000000, size: 2048 MB, Compressed Oops mode: 32-bit
Narrow klass base: 0x0000000000000000, Narrow klass shift: 3
Compressed class space size: 1073741824 Address: 0x0000000100000000

Heap:
 garbage-first heap   total 787456K, used 148028K [0x0000000080000000, 0x0000000100000000)
  region size 1024K, 7 young (7168K), 7 survivors (7168K)
 Metaspace       used 120988K, capacity 124349K, committed 124364K, reserved 1157120K
  class space    used 15062K, capacity 16319K, committed 16332K, reserved 1048576K
Heap Regions: E=young(eden), S=young(survivor), O=old, HS=humongous(starts), HC=humongous(continues), CS=collection set, F=free, A=archive, TAMS=top-at-mark-start (previous, next)
|   0|0x0000000080000000, 0x0000000080100000, 0x0000000080100000|100%| O|  |TAMS 0x0000000080100000, 0x0000000080100000| Untracked 
|   1|0x0000000080100000, 0x0000000080200000, 0x0000000080200000|100%| O|  |TAMS 0x0000000080200000, 0x0000000080200000| Untracked 
|   2|0x0000000080200000, 0x0000000080300000, 0x0000000080300000|100%| O|  |TAMS 0x0000000080300000, 0x0000000080300000| Untracked 
|   3|0x0000000080300000, 0x0000000080400000, 0x0000000080400000|100%|HS|  |TAMS 0x0000000080400000, 0x0000000080400000| Complete 
|   4|0x0000000080400000, 0x0000000080500000, 0x0000000080500000|100%|HC|  |TAMS 0x0000000080500000, 0x0000000080500000| Complete 
|   5|0x0000000080500000, 0x0000000080600000, 0x0000000080600000|100%|HC|  |TAMS 0x0000000080600000, 0x0000000080600000| Complete 
|   6|0x0000000080600000, 0x0000000080700000, 0x0000000080700000|100%| O|  |TAMS 0x0000000080700000, 0x0000000080700000| Untracked 
|   7|0x0000000080700000, 0x0000000080800000, 0x0000000080800000|100%| O|  |TAMS 0x0000000080800000, 0x0000000080800000| Untracked 
|   8|0x0000000080800000, 0x0000000080900000, 0x0000000080900000|100%| O|  |TAMS 0x0000000080900000, 0x0000000080900000| Untracked 
|   9|0x0000000080900000, 0x0000000080a00000, 0x0000000080a00000|100%| O|  |TAMS 0x0000000080a00000, 0x0000000080a00000| Untracked 
|  10|0x0000000080a00000, 0x0000000080b00000, 0x0000000080b00000|100%| O|  |TAMS 0x0000000080b00000, 0x0000000080b00000| Untracked 
|  11|0x0000000080b00000, 0x0000000080c00000, 0x0000000080c00000|100%| O|  |TAMS 0x0000000080c00000, 0x0000000080c00000| Untracked 
|  12|0x0000000080c00000, 0x0000000080d00000, 0x0000000080d00000|100%| O|  |TAMS 0x0000000080d00000, 0x0000000080d00000| Untracked 
|  13|0x0000000080d00000, 0x0000000080e00000, 0x0000000080e00000|100%| O|  |TAMS 0x0000000080e00000, 0x0000000080e00000| Untracked 
|  14|0x0000000080e00000, 0x0000000080f00000, 0x0000000080f00000|100%| O|  |TAMS 0x0000000080f00000, 0x0000000080f00000| Untracked 
|  15|0x0000000080f00000, 0x0000000081000000, 0x0000000081000000|100%| O|  |TAMS 0x0000000081000000, 0x0000000081000000| Untracked 
|  16|0x0000000081000000, 0x0000000081100000, 0x0000000081100000|100%| O|  |TAMS 0x0000000081100000, 0x0000000081100000| Untracked 
|  17|0x0000000081100000, 0x0000000081200000, 0x0000000081200000|100%| O|  |TAMS 0x0000000081200000, 0x0000000081200000| Untracked 
|  18|0x0000000081200000, 0x0000000081300000, 0x0000000081300000|100%| O|  |TAMS 0x0000000081300000, 0x0000000081300000| Untracked 
|  19|0x0000000081300000, 0x0000000081400000, 0x0000000081400000|100%| O|  |TAMS 0x0000000081400000, 0x0000000081400000| Untracked 
|  20|0x0000000081400000, 0x0000000081500000, 0x0000000081500000|100%| O|  |TAMS 0x0000000081500000, 0x0000000081500000| Untracked 
|  21|0x0000000081500000, 0x0000000081600000, 0x0000000081600000|100%| O|  |TAMS 0x0000000081600000, 0x0000000081600000| Untracked 
|  22|0x0000000081600000, 0x0000000081700000, 0x0000000081700000|100%| O|  |TAMS 0x0000000081700000, 0x0000000081700000| Untracked 
|  23|0x0000000081700000, 0x0000000081800000, 0x0000000081800000|100%| O|  |TAMS 0x0000000081800000, 0x0000000081800000| Untracked 
|  24|0x0000000081800000, 0x0000000081900000, 0x0000000081900000|100%| O|  |TAMS 0x0000000081900000, 0x0000000081900000| Untracked 
|  25|0x0000000081900000, 0x0000000081a00000, 0x0000000081a00000|100%| O|  |TAMS 0x0000000081a00000, 0x0000000081a00000| Untracked 
|  26|0x0000000081a00000, 0x0000000081b00000, 0x0000000081b00000|100%|HS|  |TAMS 0x0000000081b00000, 0x0000000081b00000| Complete 
|  27|0x0000000081b00000, 0x0000000081c00000, 0x0000000081c00000|100%|HS|  |TAMS 0x0000000081c00000, 0x0000000081c00000| Complete 
|  28|0x0000000081c00000, 0x0000000081d00000, 0x0000000081d00000|100%|HS|  |TAMS 0x0000000081d00000, 0x0000000081d00000| Complete 
|  29|0x0000000081d00000, 0x0000000081e00000, 0x0000000081e00000|100%|HC|  |TAMS 0x0000000081e00000, 0x0000000081e00000| Complete 
|  30|0x0000000081e00000, 0x0000000081f00000, 0x0000000081f00000|100%| O|  |TAMS 0x0000000081f00000, 0x0000000081f00000| Untracked 
|  31|0x0000000081f00000, 0x0000000082000000, 0x0000000082000000|100%| O|  |TAMS 0x0000000082000000, 0x0000000082000000| Untracked 
|  32|0x0000000082000000, 0x0000000082100000, 0x0000000082100000|100%| O|  |TAMS 0x0000000082100000, 0x0000000082100000| Untracked 
|  33|0x0000000082100000, 0x0000000082200000, 0x0000000082200000|100%| O|  |TAMS 0x0000000082200000, 0x0000000082200000| Untracked 
|  34|0x0000000082200000, 0x0000000082300000, 0x0000000082300000|100%| O|  |TAMS 0x0000000082300000, 0x0000000082300000| Untracked 
|  35|0x0000000082300000, 0x0000000082400000, 0x0000000082400000|100%| O|  |TAMS 0x0000000082400000, 0x0000000082400000| Untracked 
|  36|0x0000000082400000, 0x0000000082500000, 0x0000000082500000|100%| O|  |TAMS 0x0000000082500000, 0x0000000082500000| Untracked 
|  37|0x0000000082500000, 0x0000000082600000, 0x0000000082600000|100%| O|  |TAMS 0x0000000082600000, 0x0000000082600000| Untracked 
|  38|0x0000000082600000, 0x0000000082700000, 0x0000000082700000|100%| O|  |TAMS 0x0000000082700000, 0x0000000082700000| Untracked 
|  39|0x0000000082700000, 0x0000000082800000, 0x0000000082800000|100%| O|  |TAMS 0x0000000082800000, 0x0000000082800000| Untracked 
|  40|0x0000000082800000, 0x0000000082900000, 0x0000000082900000|100%| O|  |TAMS 0x0000000082900000, 0x0000000082900000| Untracked 
|  41|0x0000000082900000, 0x0000000082a00000, 0x0000000082a00000|100%| O|  |TAMS 0x0000000082a00000, 0x0000000082a00000| Untracked 
|  42|0x0000000082a00000, 0x0000000082b00000, 0x0000000082b00000|100%| O|  |TAMS 0x0000000082b00000, 0x0000000082b00000| Untracked 
|  43|0x0000000082b00000, 0x0000000082c00000, 0x0000000082c00000|100%| O|  |TAMS 0x0000000082c00000, 0x0000000082c00000| Untracked 
|  44|0x0000000082c00000, 0x0000000082d00000, 0x0000000082d00000|100%| O|  |TAMS 0x0000000082d00000, 0x0000000082d00000| Untracked 
|  45|0x0000000082d00000, 0x0000000082e00000, 0x0000000082e00000|100%| O|  |TAMS 0x0000000082e00000, 0x0000000082e00000| Untracked 
|  46|0x0000000082e00000, 0x0000000082f00000, 0x0000000082f00000|100%| O|  |TAMS 0x0000000082f00000, 0x0000000082f00000| Untracked 
|  47|0x0000000082f00000, 0x0000000083000000, 0x0000000083000000|100%| O|  |TAMS 0x0000000083000000, 0x0000000083000000| Untracked 
|  48|0x0000000083000000, 0x0000000083100000, 0x0000000083100000|100%| O|  |TAMS 0x0000000083100000, 0x0000000083100000| Untracked 
|  49|0x0000000083100000, 0x0000000083200000, 0x0000000083200000|100%| O|  |TAMS 0x0000000083200000, 0x0000000083200000| Untracked 
|  50|0x0000000083200000, 0x0000000083300000, 0x0000000083300000|100%| O|  |TAMS 0x0000000083300000, 0x0000000083300000| Untracked 
|  51|0x0000000083300000, 0x0000000083400000, 0x0000000083400000|100%| O|  |TAMS 0x0000000083400000, 0x0000000083400000| Untracked 
|  52|0x0000000083400000, 0x0000000083500000, 0x0000000083500000|100%| O|  |TAMS 0x0000000083500000, 0x0000000083500000| Untracked 
|  53|0x0000000083500000, 0x0000000083600000, 0x0000000083600000|100%| O|  |TAMS 0x0000000083600000, 0x0000000083600000| Untracked 
|  54|0x0000000083600000, 0x0000000083700000, 0x0000000083700000|100%| O|  |TAMS 0x0000000083700000, 0x0000000083700000| Untracked 
|  55|0x0000000083700000, 0x0000000083800000, 0x0000000083800000|100%| O|  |TAMS 0x0000000083800000, 0x0000000083800000| Untracked 
|  56|0x0000000083800000, 0x0000000083900000, 0x0000000083900000|100%| O|  |TAMS 0x0000000083900000, 0x0000000083900000| Untracked 
|  57|0x0000000083900000, 0x0000000083a00000, 0x0000000083a00000|100%| O|  |TAMS 0x0000000083a00000, 0x0000000083a00000| Untracked 
|  58|0x0000000083a00000, 0x0000000083b00000, 0x0000000083b00000|100%| O|  |TAMS 0x0000000083b00000, 0x0000000083b00000| Untracked 
|  59|0x0000000083b00000, 0x0000000083c00000, 0x0000000083c00000|100%| O|  |TAMS 0x0000000083c00000, 0x0000000083c00000| Untracked 
|  60|0x0000000083c00000, 0x0000000083d00000, 0x0000000083d00000|100%| O|  |TAMS 0x0000000083d00000, 0x0000000083d00000| Untracked 
|  61|0x0000000083d00000, 0x0000000083e00000, 0x0000000083e00000|100%| O|  |TAMS 0x0000000083e00000, 0x0000000083e00000| Untracked 
|  62|0x0000000083e00000, 0x0000000083f00000, 0x0000000083f00000|100%| O|  |TAMS 0x0000000083f00000, 0x0000000083f00000| Untracked 
|  63|0x0000000083f00000, 0x0000000084000000, 0x0000000084000000|100%| O|  |TAMS 0x0000000084000000, 0x0000000084000000| Untracked 
|  64|0x0000000084000000, 0x0000000084100000, 0x0000000084100000|100%| O|  |TAMS 0x0000000084100000, 0x0000000084100000| Untracked 
|  65|0x0000000084100000, 0x0000000084200000, 0x0000000084200000|100%| O|  |TAMS 0x0000000084200000, 0x0000000084200000| Untracked 
|  66|0x0000000084200000, 0x0000000084300000, 0x0000000084300000|100%| O|  |TAMS 0x0000000084300000, 0x0000000084300000| Untracked 
|  67|0x0000000084300000, 0x0000000084400000, 0x0000000084400000|100%| O|  |TAMS 0x0000000084400000, 0x0000000084400000| Untracked 
|  68|0x0000000084400000, 0x0000000084500000, 0x0000000084500000|100%| O|  |TAMS 0x00000000844ce800, 0x0000000084500000| Untracked 
|  69|0x0000000084500000, 0x0000000084600000, 0x0000000084600000|100%| O|  |TAMS 0x0000000084600000, 0x0000000084600000| Untracked 
|  70|0x0000000084600000, 0x0000000084700000, 0x0000000084700000|100%| O|  |TAMS 0x0000000084700000, 0x0000000084700000| Untracked 
|  71|0x0000000084700000, 0x0000000084800000, 0x0000000084800000|100%| O|  |TAMS 0x0000000084800000, 0x0000000084800000| Untracked 
|  72|0x0000000084800000, 0x0000000084900000, 0x0000000084900000|100%| O|  |TAMS 0x0000000084800000, 0x0000000084900000| Untracked 
|  73|0x0000000084900000, 0x0000000084a00000, 0x0000000084a00000|100%| O|  |TAMS 0x0000000084a00000, 0x0000000084a00000| Untracked 
|  74|0x0000000084a00000, 0x0000000084b00000, 0x0000000084b00000|100%| O|  |TAMS 0x0000000084b00000, 0x0000000084b00000| Untracked 
|  75|0x0000000084b00000, 0x0000000084c00000, 0x0000000084c00000|100%| O|  |TAMS 0x0000000084c00000, 0x0000000084c00000| Untracked 
|  76|0x0000000084c00000, 0x0000000084d00000, 0x0000000084d00000|100%| O|  |TAMS 0x0000000084d00000, 0x0000000084d00000| Untracked 
|  77|0x0000000084d00000, 0x0000000084e00000, 0x0000000084e00000|100%| O|  |TAMS 0x0000000084e00000, 0x0000000084e00000| Untracked 
|  78|0x0000000084e00000, 0x0000000084f00000, 0x0000000084f00000|100%| O|  |TAMS 0x0000000084f00000, 0x0000000084f00000| Untracked 
|  79|0x0000000084f00000, 0x0000000085000000, 0x0000000085000000|100%| O|  |TAMS 0x0000000085000000, 0x0000000085000000| Untracked 
|  80|0x0000000085000000, 0x0000000085100000, 0x0000000085100000|100%| O|  |TAMS 0x0000000085100000, 0x0000000085100000| Untracked 
|  81|0x0000000085100000, 0x0000000085200000, 0x0000000085200000|100%| O|  |TAMS 0x0000000085200000, 0x0000000085200000| Untracked 
|  82|0x0000000085200000, 0x0000000085300000, 0x0000000085300000|100%| O|  |TAMS 0x0000000085300000, 0x0000000085300000| Untracked 
|  83|0x0000000085300000, 0x0000000085400000, 0x0000000085400000|100%| O|  |TAMS 0x0000000085400000, 0x0000000085400000| Untracked 
|  84|0x0000000085400000, 0x0000000085500000, 0x0000000085500000|100%| O|  |TAMS 0x0000000085500000, 0x0000000085500000| Untracked 
|  85|0x0000000085500000, 0x0000000085600000, 0x0000000085600000|100%| O|  |TAMS 0x0000000085600000, 0x0000000085600000| Untracked 
|  86|0x0000000085600000, 0x0000000085700000, 0x0000000085700000|100%| O|  |TAMS 0x0000000085700000, 0x0000000085700000| Untracked 
|  87|0x0000000085700000, 0x0000000085800000, 0x0000000085800000|100%| O|  |TAMS 0x0000000085800000, 0x0000000085800000| Untracked 
|  88|0x0000000085800000, 0x0000000085900000, 0x0000000085900000|100%| O|  |TAMS 0x0000000085900000, 0x0000000085900000| Untracked 
|  89|0x0000000085900000, 0x0000000085a00000, 0x0000000085a00000|100%| O|  |TAMS 0x0000000085a00000, 0x0000000085a00000| Untracked 
|  90|0x0000000085a00000, 0x0000000085b00000, 0x0000000085b00000|100%| O|  |TAMS 0x0000000085b00000, 0x0000000085b00000| Untracked 
|  91|0x0000000085b00000, 0x0000000085c00000, 0x0000000085c00000|100%| O|  |TAMS 0x0000000085c00000, 0x0000000085c00000| Untracked 
|  92|0x0000000085c00000, 0x0000000085d00000, 0x0000000085d00000|100%| O|  |TAMS 0x0000000085d00000, 0x0000000085d00000| Untracked 
|  93|0x0000000085d00000, 0x0000000085e00000, 0x0000000085e00000|100%| O|  |TAMS 0x0000000085e00000, 0x0000000085e00000| Untracked 
|  94|0x0000000085e00000, 0x0000000085f00000, 0x0000000085f00000|100%| O|  |TAMS 0x0000000085e00000, 0x0000000085f00000| Untracked 
|  95|0x0000000085f00000, 0x0000000086000000, 0x0000000086000000|100%| O|  |TAMS 0x0000000086000000, 0x0000000086000000| Untracked 
|  96|0x0000000086000000, 0x0000000086100000, 0x0000000086100000|100%| O|  |TAMS 0x0000000086100000, 0x0000000086100000| Untracked 
|  97|0x0000000086100000, 0x0000000086200000, 0x0000000086200000|100%| O|  |TAMS 0x0000000086200000, 0x0000000086200000| Untracked 
|  98|0x0000000086200000, 0x0000000086300000, 0x0000000086300000|100%| O|  |TAMS 0x0000000086300000, 0x0000000086300000| Untracked 
|  99|0x0000000086300000, 0x0000000086400000, 0x0000000086400000|100%| O|  |TAMS 0x0000000086400000, 0x0000000086400000| Untracked 
| 100|0x0000000086400000, 0x0000000086500000, 0x0000000086500000|100%| O|  |TAMS 0x0000000086500000, 0x0000000086500000| Untracked 
| 101|0x0000000086500000, 0x0000000086600000, 0x0000000086600000|100%| O|  |TAMS 0x0000000086500000, 0x0000000086600000| Untracked 
| 102|0x0000000086600000, 0x0000000086700000, 0x0000000086700000|100%| O|  |TAMS 0x0000000086700000, 0x0000000086700000| Untracked 
| 103|0x0000000086700000, 0x0000000086800000, 0x0000000086800000|100%| O|  |TAMS 0x0000000086800000, 0x0000000086800000| Untracked 
| 104|0x0000000086800000, 0x0000000086900000, 0x0000000086900000|100%| O|  |TAMS 0x0000000086900000, 0x0000000086900000| Untracked 
| 105|0x0000000086900000, 0x0000000086a00000, 0x0000000086a00000|100%| O|  |TAMS 0x0000000086a00000, 0x0000000086a00000| Untracked 
| 106|0x0000000086a00000, 0x0000000086b00000, 0x0000000086b00000|100%| O|  |TAMS 0x0000000086b00000, 0x0000000086b00000| Untracked 
| 107|0x0000000086b00000, 0x0000000086c00000, 0x0000000086c00000|100%| O|  |TAMS 0x0000000086c00000, 0x0000000086c00000| Untracked 
| 108|0x0000000086c00000, 0x0000000086d00000, 0x0000000086d00000|100%| O|  |TAMS 0x0000000086d00000, 0x0000000086d00000| Untracked 
| 109|0x0000000086d00000, 0x0000000086e00000, 0x0000000086e00000|100%| O|  |TAMS 0x0000000086e00000, 0x0000000086e00000| Untracked 
| 110|0x0000000086e00000, 0x0000000086f00000, 0x0000000086f00000|100%| O|  |TAMS 0x0000000086f00000, 0x0000000086f00000| Untracked 
| 111|0x0000000086f00000, 0x0000000087000000, 0x0000000087000000|100%| O|  |TAMS 0x0000000087000000, 0x0000000087000000| Untracked 
| 112|0x0000000087000000, 0x0000000087100000, 0x0000000087100000|100%| O|  |TAMS 0x0000000087100000, 0x0000000087100000| Untracked 
| 113|0x0000000087100000, 0x0000000087200000, 0x0000000087200000|100%| O|  |TAMS 0x0000000087200000, 0x0000000087200000| Untracked 
| 114|0x0000000087200000, 0x0000000087300000, 0x0000000087300000|100%| O|  |TAMS 0x0000000087300000, 0x0000000087300000| Untracked 
| 115|0x0000000087300000, 0x0000000087400000, 0x0000000087400000|100%| O|  |TAMS 0x0000000087400000, 0x0000000087400000| Untracked 
| 116|0x0000000087400000, 0x0000000087500000, 0x0000000087500000|100%| O|  |TAMS 0x0000000087500000, 0x0000000087500000| Untracked 
| 117|0x0000000087500000, 0x0000000087600000, 0x0000000087600000|100%| O|  |TAMS 0x0000000087600000, 0x0000000087600000| Untracked 
| 118|0x0000000087600000, 0x0000000087700000, 0x0000000087700000|100%| O|  |TAMS 0x0000000087700000, 0x0000000087700000| Untracked 
| 119|0x0000000087700000, 0x0000000087800000, 0x0000000087800000|100%| O|  |TAMS 0x0000000087800000, 0x0000000087800000| Untracked 
| 120|0x0000000087800000, 0x0000000087900000, 0x0000000087900000|100%| O|  |TAMS 0x0000000087900000, 0x0000000087900000| Untracked 
| 121|0x0000000087900000, 0x0000000087a00000, 0x0000000087a00000|100%| O|  |TAMS 0x0000000087a00000, 0x0000000087a00000| Untracked 
| 122|0x0000000087a00000, 0x0000000087b00000, 0x0000000087b00000|100%| O|  |TAMS 0x0000000087b00000, 0x0000000087b00000| Untracked 
| 123|0x0000000087b00000, 0x0000000087c00000, 0x0000000087c00000|100%| O|  |TAMS 0x0000000087c00000, 0x0000000087c00000| Untracked 
| 124|0x0000000087c00000, 0x0000000087d00000, 0x0000000087d00000|100%| O|  |TAMS 0x0000000087c00000, 0x0000000087d00000| Untracked 
| 125|0x0000000087d00000, 0x0000000087e00000, 0x0000000087e00000|100%| O|  |TAMS 0x0000000087e00000, 0x0000000087e00000| Untracked 
| 126|0x0000000087e00000, 0x0000000087f00000, 0x0000000087f00000|100%| O|  |TAMS 0x0000000087f00000, 0x0000000087f00000| Untracked 
| 127|0x0000000087f00000, 0x0000000088000000, 0x0000000088000000|100%| O|  |TAMS 0x0000000088000000, 0x0000000088000000| Untracked 
| 128|0x0000000088000000, 0x0000000088100000, 0x0000000088100000|100%| O|  |TAMS 0x0000000088100000, 0x0000000088100000| Untracked 
| 129|0x0000000088100000, 0x0000000088200000, 0x0000000088200000|100%| O|  |TAMS 0x0000000088200000, 0x0000000088200000| Untracked 
| 130|0x0000000088200000, 0x0000000088300000, 0x0000000088300000|100%| O|  |TAMS 0x0000000088300000, 0x0000000088300000| Untracked 
| 131|0x0000000088300000, 0x0000000088400000, 0x0000000088400000|100%| O|  |TAMS 0x0000000088400000, 0x0000000088400000| Untracked 
| 132|0x0000000088400000, 0x0000000088500000, 0x0000000088500000|100%| O|  |TAMS 0x0000000088500000, 0x0000000088500000| Untracked 
| 133|0x0000000088500000, 0x0000000088600000, 0x0000000088600000|100%| O|  |TAMS 0x0000000088600000, 0x0000000088600000| Untracked 
| 134|0x0000000088600000, 0x0000000088700000, 0x0000000088700000|100%| O|  |TAMS 0x0000000088700000, 0x0000000088700000| Untracked 
| 135|0x0000000088700000, 0x0000000088800000, 0x0000000088800000|100%| O|  |TAMS 0x0000000088700000, 0x0000000088800000| Untracked 
| 136|0x0000000088800000, 0x0000000088900000, 0x0000000088900000|100%| O|  |TAMS 0x0000000088900000, 0x0000000088900000| Untracked 
| 137|0x0000000088900000, 0x00000000889dd400, 0x0000000088a00000| 86%| O|  |TAMS 0x0000000088900000, 0x00000000889dd400| Untracked 
| 138|0x0000000088a00000, 0x0000000088a00000, 0x0000000088b00000|  0%| F|  |TAMS 0x0000000088a00000, 0x0000000088a00000| Untracked 
| 139|0x0000000088b00000, 0x0000000088b00000, 0x0000000088c00000|  0%| F|  |TAMS 0x0000000088b00000, 0x0000000088b00000| Untracked 
| 140|0x0000000088c00000, 0x0000000088c00000, 0x0000000088d00000|  0%| F|  |TAMS 0x0000000088c00000, 0x0000000088c00000| Untracked 
| 141|0x0000000088d00000, 0x0000000088d00000, 0x0000000088e00000|  0%| F|  |TAMS 0x0000000088d00000, 0x0000000088d00000| Untracked 
| 142|0x0000000088e00000, 0x0000000088e00000, 0x0000000088f00000|  0%| F|  |TAMS 0x0000000088e00000, 0x0000000088e00000| Untracked 
| 143|0x0000000088f00000, 0x0000000088f00000, 0x0000000089000000|  0%| F|  |TAMS 0x0000000088f00000, 0x0000000088f00000| Untracked 
| 144|0x0000000089000000, 0x0000000089000000, 0x0000000089100000|  0%| F|  |TAMS 0x0000000089000000, 0x0000000089000000| Untracked 
| 145|0x0000000089100000, 0x0000000089100000, 0x0000000089200000|  0%| F|  |TAMS 0x0000000089100000, 0x0000000089100000| Untracked 
| 146|0x0000000089200000, 0x0000000089200000, 0x0000000089300000|  0%| F|  |TAMS 0x0000000089200000, 0x0000000089200000| Untracked 
| 147|0x0000000089300000, 0x0000000089300000, 0x0000000089400000|  0%| F|  |TAMS 0x0000000089300000, 0x0000000089300000| Untracked 
| 148|0x0000000089400000, 0x0000000089400000, 0x0000000089500000|  0%| F|  |TAMS 0x0000000089400000, 0x0000000089400000| Untracked 
| 149|0x0000000089500000, 0x0000000089500000, 0x0000000089600000|  0%| F|  |TAMS 0x0000000089500000, 0x0000000089500000| Untracked 
| 150|0x0000000089600000, 0x0000000089600000, 0x0000000089700000|  0%| F|  |TAMS 0x0000000089600000, 0x0000000089600000| Untracked 
| 151|0x0000000089700000, 0x0000000089700000, 0x0000000089800000|  0%| F|  |TAMS 0x0000000089700000, 0x0000000089700000| Untracked 
| 152|0x0000000089800000, 0x0000000089800000, 0x0000000089900000|  0%| F|  |TAMS 0x0000000089800000, 0x0000000089800000| Untracked 
| 153|0x0000000089900000, 0x0000000089900000, 0x0000000089a00000|  0%| F|  |TAMS 0x0000000089900000, 0x0000000089900000| Untracked 
| 154|0x0000000089a00000, 0x0000000089a00000, 0x0000000089b00000|  0%| F|  |TAMS 0x0000000089a00000, 0x0000000089a00000| Untracked 
| 155|0x0000000089b00000, 0x0000000089b00000, 0x0000000089c00000|  0%| F|  |TAMS 0x0000000089b00000, 0x0000000089b00000| Untracked 
| 156|0x0000000089c00000, 0x0000000089c00000, 0x0000000089d00000|  0%| F|  |TAMS 0x0000000089c00000, 0x0000000089c00000| Untracked 
| 157|0x0000000089d00000, 0x0000000089d00000, 0x0000000089e00000|  0%| F|  |TAMS 0x0000000089d00000, 0x0000000089d00000| Untracked 
| 158|0x0000000089e00000, 0x0000000089e00000, 0x0000000089f00000|  0%| F|  |TAMS 0x0000000089e00000, 0x0000000089e00000| Untracked 
| 159|0x0000000089f00000, 0x0000000089f00000, 0x000000008a000000|  0%| F|  |TAMS 0x0000000089f00000, 0x0000000089f00000| Untracked 
| 160|0x000000008a000000, 0x000000008a000000, 0x000000008a100000|  0%| F|  |TAMS 0x000000008a000000, 0x000000008a000000| Untracked 
| 161|0x000000008a100000, 0x000000008a100000, 0x000000008a200000|  0%| F|  |TAMS 0x000000008a100000, 0x000000008a100000| Untracked 
| 162|0x000000008a200000, 0x000000008a200000, 0x000000008a300000|  0%| F|  |TAMS 0x000000008a200000, 0x000000008a200000| Untracked 
| 163|0x000000008a300000, 0x000000008a300000, 0x000000008a400000|  0%| F|  |TAMS 0x000000008a300000, 0x000000008a300000| Untracked 
| 164|0x000000008a400000, 0x000000008a400000, 0x000000008a500000|  0%| F|  |TAMS 0x000000008a400000, 0x000000008a400000| Untracked 
| 165|0x000000008a500000, 0x000000008a500000, 0x000000008a600000|  0%| F|  |TAMS 0x000000008a500000, 0x000000008a500000| Untracked 
| 166|0x000000008a600000, 0x000000008a600000, 0x000000008a700000|  0%| F|  |TAMS 0x000000008a600000, 0x000000008a600000| Untracked 
| 167|0x000000008a700000, 0x000000008a700000, 0x000000008a800000|  0%| F|  |TAMS 0x000000008a700000, 0x000000008a700000| Untracked 
| 168|0x000000008a800000, 0x000000008a800000, 0x000000008a900000|  0%| F|  |TAMS 0x000000008a800000, 0x000000008a800000| Untracked 
| 169|0x000000008a900000, 0x000000008a900000, 0x000000008aa00000|  0%| F|  |TAMS 0x000000008a900000, 0x000000008a900000| Untracked 
| 170|0x000000008aa00000, 0x000000008aa00000, 0x000000008ab00000|  0%| F|  |TAMS 0x000000008aa00000, 0x000000008aa00000| Untracked 
| 171|0x000000008ab00000, 0x000000008ab00000, 0x000000008ac00000|  0%| F|  |TAMS 0x000000008ab00000, 0x000000008ab00000| Untracked 
| 172|0x000000008ac00000, 0x000000008ac00000, 0x000000008ad00000|  0%| F|  |TAMS 0x000000008ac00000, 0x000000008ac00000| Untracked 
| 173|0x000000008ad00000, 0x000000008ad00000, 0x000000008ae00000|  0%| F|  |TAMS 0x000000008ad00000, 0x000000008ad00000| Untracked 
| 174|0x000000008ae00000, 0x000000008ae00000, 0x000000008af00000|  0%| F|  |TAMS 0x000000008ae00000, 0x000000008ae00000| Untracked 
| 175|0x000000008af00000, 0x000000008af00000, 0x000000008b000000|  0%| F|  |TAMS 0x000000008af00000, 0x000000008af00000| Untracked 
| 176|0x000000008b000000, 0x000000008b000000, 0x000000008b100000|  0%| F|  |TAMS 0x000000008b000000, 0x000000008b000000| Untracked 
| 177|0x000000008b100000, 0x000000008b100000, 0x000000008b200000|  0%| F|  |TAMS 0x000000008b100000, 0x000000008b100000| Untracked 
| 178|0x000000008b200000, 0x000000008b200000, 0x000000008b300000|  0%| F|  |TAMS 0x000000008b200000, 0x000000008b200000| Untracked 
| 179|0x000000008b300000, 0x000000008b300000, 0x000000008b400000|  0%| F|  |TAMS 0x000000008b300000, 0x000000008b300000| Untracked 
| 180|0x000000008b400000, 0x000000008b400000, 0x000000008b500000|  0%| F|  |TAMS 0x000000008b400000, 0x000000008b400000| Untracked 
| 181|0x000000008b500000, 0x000000008b500000, 0x000000008b600000|  0%| F|  |TAMS 0x000000008b500000, 0x000000008b500000| Untracked 
| 182|0x000000008b600000, 0x000000008b600000, 0x000000008b700000|  0%| F|  |TAMS 0x000000008b600000, 0x000000008b600000| Untracked 
| 183|0x000000008b700000, 0x000000008b700000, 0x000000008b800000|  0%| F|  |TAMS 0x000000008b700000, 0x000000008b700000| Untracked 
| 184|0x000000008b800000, 0x000000008b800000, 0x000000008b900000|  0%| F|  |TAMS 0x000000008b800000, 0x000000008b800000| Untracked 
| 185|0x000000008b900000, 0x000000008b900000, 0x000000008ba00000|  0%| F|  |TAMS 0x000000008b900000, 0x000000008b900000| Untracked 
| 186|0x000000008ba00000, 0x000000008ba00000, 0x000000008bb00000|  0%| F|  |TAMS 0x000000008ba00000, 0x000000008ba00000| Untracked 
| 187|0x000000008bb00000, 0x000000008bb00000, 0x000000008bc00000|  0%| F|  |TAMS 0x000000008bb00000, 0x000000008bb00000| Untracked 
| 188|0x000000008bc00000, 0x000000008bc00000, 0x000000008bd00000|  0%| F|  |TAMS 0x000000008bc00000, 0x000000008bc00000| Untracked 
| 189|0x000000008bd00000, 0x000000008bd00000, 0x000000008be00000|  0%| F|  |TAMS 0x000000008bd00000, 0x000000008bd00000| Untracked 
| 190|0x000000008be00000, 0x000000008be00000, 0x000000008bf00000|  0%| F|  |TAMS 0x000000008be00000, 0x000000008be00000| Untracked 
| 191|0x000000008bf00000, 0x000000008bf00000, 0x000000008c000000|  0%| F|  |TAMS 0x000000008bf00000, 0x000000008bf00000| Untracked 
| 192|0x000000008c000000, 0x000000008c000000, 0x000000008c100000|  0%| F|  |TAMS 0x000000008c000000, 0x000000008c000000| Untracked 
| 193|0x000000008c100000, 0x000000008c100000, 0x000000008c200000|  0%| F|  |TAMS 0x000000008c100000, 0x000000008c100000| Untracked 
| 194|0x000000008c200000, 0x000000008c200000, 0x000000008c300000|  0%| F|  |TAMS 0x000000008c200000, 0x000000008c200000| Untracked 
| 195|0x000000008c300000, 0x000000008c300000, 0x000000008c400000|  0%| F|  |TAMS 0x000000008c300000, 0x000000008c300000| Untracked 
| 196|0x000000008c400000, 0x000000008c400000, 0x000000008c500000|  0%| F|  |TAMS 0x000000008c400000, 0x000000008c400000| Untracked 
| 197|0x000000008c500000, 0x000000008c500000, 0x000000008c600000|  0%| F|  |TAMS 0x000000008c500000, 0x000000008c500000| Untracked 
| 198|0x000000008c600000, 0x000000008c600000, 0x000000008c700000|  0%| F|  |TAMS 0x000000008c600000, 0x000000008c600000| Untracked 
| 199|0x000000008c700000, 0x000000008c700000, 0x000000008c800000|  0%| F|  |TAMS 0x000000008c700000, 0x000000008c700000| Untracked 
| 200|0x000000008c800000, 0x000000008c800000, 0x000000008c900000|  0%| F|  |TAMS 0x000000008c800000, 0x000000008c800000| Untracked 
| 201|0x000000008c900000, 0x000000008c900000, 0x000000008ca00000|  0%| F|  |TAMS 0x000000008c900000, 0x000000008c900000| Untracked 
| 202|0x000000008ca00000, 0x000000008ca00000, 0x000000008cb00000|  0%| F|  |TAMS 0x000000008ca00000, 0x000000008ca00000| Untracked 
| 203|0x000000008cb00000, 0x000000008cb00000, 0x000000008cc00000|  0%| F|  |TAMS 0x000000008cb00000, 0x000000008cb00000| Untracked 
| 204|0x000000008cc00000, 0x000000008cc00000, 0x000000008cd00000|  0%| F|  |TAMS 0x000000008cc00000, 0x000000008cc00000| Untracked 
| 205|0x000000008cd00000, 0x000000008cd00000, 0x000000008ce00000|  0%| F|  |TAMS 0x000000008cd00000, 0x000000008cd00000| Untracked 
| 206|0x000000008ce00000, 0x000000008ce00000, 0x000000008cf00000|  0%| F|  |TAMS 0x000000008ce00000, 0x000000008ce00000| Untracked 
| 207|0x000000008cf00000, 0x000000008cf00000, 0x000000008d000000|  0%| F|  |TAMS 0x000000008cf00000, 0x000000008cf00000| Untracked 
| 208|0x000000008d000000, 0x000000008d000000, 0x000000008d100000|  0%| F|  |TAMS 0x000000008d000000, 0x000000008d000000| Untracked 
| 209|0x000000008d100000, 0x000000008d100000, 0x000000008d200000|  0%| F|  |TAMS 0x000000008d100000, 0x000000008d100000| Untracked 
| 210|0x000000008d200000, 0x000000008d200000, 0x000000008d300000|  0%| F|  |TAMS 0x000000008d200000, 0x000000008d200000| Untracked 
| 211|0x000000008d300000, 0x000000008d300000, 0x000000008d400000|  0%| F|  |TAMS 0x000000008d300000, 0x000000008d300000| Untracked 
| 212|0x000000008d400000, 0x000000008d400000, 0x000000008d500000|  0%| F|  |TAMS 0x000000008d400000, 0x000000008d400000| Untracked 
| 213|0x000000008d500000, 0x000000008d500000, 0x000000008d600000|  0%| F|  |TAMS 0x000000008d500000, 0x000000008d500000| Untracked 
| 214|0x000000008d600000, 0x000000008d600000, 0x000000008d700000|  0%| F|  |TAMS 0x000000008d600000, 0x000000008d600000| Untracked 
| 215|0x000000008d700000, 0x000000008d700000, 0x000000008d800000|  0%| F|  |TAMS 0x000000008d700000, 0x000000008d700000| Untracked 
| 216|0x000000008d800000, 0x000000008d800000, 0x000000008d900000|  0%| F|  |TAMS 0x000000008d800000, 0x000000008d800000| Untracked 
| 217|0x000000008d900000, 0x000000008d900000, 0x000000008da00000|  0%| F|  |TAMS 0x000000008d900000, 0x000000008d900000| Untracked 
| 218|0x000000008da00000, 0x000000008da00000, 0x000000008db00000|  0%| F|  |TAMS 0x000000008da00000, 0x000000008da00000| Untracked 
| 219|0x000000008db00000, 0x000000008db00000, 0x000000008dc00000|  0%| F|  |TAMS 0x000000008db00000, 0x000000008db00000| Untracked 
| 220|0x000000008dc00000, 0x000000008dc00000, 0x000000008dd00000|  0%| F|  |TAMS 0x000000008dc00000, 0x000000008dc00000| Untracked 
| 221|0x000000008dd00000, 0x000000008ddb1e00, 0x000000008de00000| 69%| S|CS|TAMS 0x000000008dd00000, 0x000000008dd00000| Complete 
| 222|0x000000008de00000, 0x000000008df00000, 0x000000008df00000|100%| S|CS|TAMS 0x000000008de00000, 0x000000008de00000| Complete 
| 223|0x000000008df00000, 0x000000008e000000, 0x000000008e000000|100%| S|CS|TAMS 0x000000008df00000, 0x000000008df00000| Complete 
| 224|0x000000008e000000, 0x000000008e100000, 0x000000008e100000|100%| S|CS|TAMS 0x000000008e000000, 0x000000008e000000| Complete 
| 225|0x000000008e100000, 0x000000008e200000, 0x000000008e200000|100%| S|CS|TAMS 0x000000008e100000, 0x000000008e100000| Complete 
| 226|0x000000008e200000, 0x000000008e300000, 0x000000008e300000|100%| S|CS|TAMS 0x000000008e200000, 0x000000008e200000| Complete 
| 227|0x000000008e300000, 0x000000008e400000, 0x000000008e400000|100%| S|CS|TAMS 0x000000008e300000, 0x000000008e300000| Complete 
| 228|0x000000008e400000, 0x000000008e400000, 0x000000008e500000|  0%| F|  |TAMS 0x000000008e400000, 0x000000008e400000| Untracked 
| 229|0x000000008e500000, 0x000000008e500000, 0x000000008e600000|  0%| F|  |TAMS 0x000000008e500000, 0x000000008e500000| Untracked 
| 230|0x000000008e600000, 0x000000008e600000, 0x000000008e700000|  0%| F|  |TAMS 0x000000008e600000, 0x000000008e600000| Untracked 
| 231|0x000000008e700000, 0x000000008e700000, 0x000000008e800000|  0%| F|  |TAMS 0x000000008e700000, 0x000000008e700000| Untracked 
| 232|0x000000008e800000, 0x000000008e800000, 0x000000008e900000|  0%| F|  |TAMS 0x000000008e800000, 0x000000008e800000| Untracked 
| 233|0x000000008e900000, 0x000000008e900000, 0x000000008ea00000|  0%| F|  |TAMS 0x000000008e900000, 0x000000008e900000| Untracked 
| 234|0x000000008ea00000, 0x000000008ea00000, 0x000000008eb00000|  0%| F|  |TAMS 0x000000008ea00000, 0x000000008ea00000| Untracked 
| 235|0x000000008eb00000, 0x000000008eb00000, 0x000000008ec00000|  0%| F|  |TAMS 0x000000008eb00000, 0x000000008eb00000| Untracked 
| 236|0x000000008ec00000, 0x000000008ec00000, 0x000000008ed00000|  0%| F|  |TAMS 0x000000008ec00000, 0x000000008ec00000| Untracked 
| 237|0x000000008ed00000, 0x000000008ed00000, 0x000000008ee00000|  0%| F|  |TAMS 0x000000008ed00000, 0x000000008ed00000| Untracked 
| 238|0x000000008ee00000, 0x000000008ee00000, 0x000000008ef00000|  0%| F|  |TAMS 0x000000008ee00000, 0x000000008ee00000| Untracked 
| 239|0x000000008ef00000, 0x000000008ef00000, 0x000000008f000000|  0%| F|  |TAMS 0x000000008ef00000, 0x000000008ef00000| Untracked 
| 240|0x000000008f000000, 0x000000008f000000, 0x000000008f100000|  0%| F|  |TAMS 0x000000008f000000, 0x000000008f000000| Untracked 
| 241|0x000000008f100000, 0x000000008f100000, 0x000000008f200000|  0%| F|  |TAMS 0x000000008f100000, 0x000000008f100000| Untracked 
| 242|0x000000008f200000, 0x000000008f200000, 0x000000008f300000|  0%| F|  |TAMS 0x000000008f200000, 0x000000008f200000| Untracked 
| 243|0x000000008f300000, 0x000000008f300000, 0x000000008f400000|  0%| F|  |TAMS 0x000000008f300000, 0x000000008f300000| Untracked 
| 244|0x000000008f400000, 0x000000008f400000, 0x000000008f500000|  0%| F|  |TAMS 0x000000008f400000, 0x000000008f400000| Untracked 
| 245|0x000000008f500000, 0x000000008f500000, 0x000000008f600000|  0%| F|  |TAMS 0x000000008f500000, 0x000000008f500000| Untracked 
| 246|0x000000008f600000, 0x000000008f600000, 0x000000008f700000|  0%| F|  |TAMS 0x000000008f600000, 0x000000008f600000| Untracked 
| 247|0x000000008f700000, 0x000000008f700000, 0x000000008f800000|  0%| F|  |TAMS 0x000000008f700000, 0x000000008f700000| Untracked 
| 248|0x000000008f800000, 0x000000008f800000, 0x000000008f900000|  0%| F|  |TAMS 0x000000008f800000, 0x000000008f800000| Untracked 
| 249|0x000000008f900000, 0x000000008f900000, 0x000000008fa00000|  0%| F|  |TAMS 0x000000008f900000, 0x000000008f900000| Untracked 
| 250|0x000000008fa00000, 0x000000008fa00000, 0x000000008fb00000|  0%| F|  |TAMS 0x000000008fa00000, 0x000000008fa00000| Untracked 
| 251|0x000000008fb00000, 0x000000008fb00000, 0x000000008fc00000|  0%| F|  |TAMS 0x000000008fb00000, 0x000000008fb00000| Untracked 
| 252|0x000000008fc00000, 0x000000008fc00000, 0x000000008fd00000|  0%| F|  |TAMS 0x000000008fc00000, 0x000000008fc00000| Untracked 
| 253|0x000000008fd00000, 0x000000008fd00000, 0x000000008fe00000|  0%| F|  |TAMS 0x000000008fd00000, 0x000000008fd00000| Untracked 
| 254|0x000000008fe00000, 0x000000008fe00000, 0x000000008ff00000|  0%| F|  |TAMS 0x000000008fe00000, 0x000000008fe00000| Untracked 
| 255|0x000000008ff00000, 0x000000008ff00000, 0x0000000090000000|  0%| F|  |TAMS 0x000000008ff00000, 0x000000008ff00000| Untracked 
| 256|0x0000000090000000, 0x0000000090000000, 0x0000000090100000|  0%| F|  |TAMS 0x0000000090000000, 0x0000000090000000| Untracked 
| 257|0x0000000090100000, 0x0000000090100000, 0x0000000090200000|  0%| F|  |TAMS 0x0000000090100000, 0x0000000090100000| Untracked 
| 258|0x0000000090200000, 0x0000000090200000, 0x0000000090300000|  0%| F|  |TAMS 0x0000000090200000, 0x0000000090200000| Untracked 
| 259|0x0000000090300000, 0x0000000090300000, 0x0000000090400000|  0%| F|  |TAMS 0x0000000090300000, 0x0000000090300000| Untracked 
| 260|0x0000000090400000, 0x0000000090400000, 0x0000000090500000|  0%| F|  |TAMS 0x0000000090400000, 0x0000000090400000| Untracked 
| 261|0x0000000090500000, 0x0000000090500000, 0x0000000090600000|  0%| F|  |TAMS 0x0000000090500000, 0x0000000090500000| Untracked 
| 262|0x0000000090600000, 0x0000000090600000, 0x0000000090700000|  0%| F|  |TAMS 0x0000000090600000, 0x0000000090600000| Untracked 
| 263|0x0000000090700000, 0x0000000090700000, 0x0000000090800000|  0%| F|  |TAMS 0x0000000090700000, 0x0000000090700000| Untracked 
| 264|0x0000000090800000, 0x0000000090800000, 0x0000000090900000|  0%| F|  |TAMS 0x0000000090800000, 0x0000000090800000| Untracked 
| 265|0x0000000090900000, 0x0000000090900000, 0x0000000090a00000|  0%| F|  |TAMS 0x0000000090900000, 0x0000000090900000| Untracked 
| 266|0x0000000090a00000, 0x0000000090a00000, 0x0000000090b00000|  0%| F|  |TAMS 0x0000000090a00000, 0x0000000090a00000| Untracked 
| 267|0x0000000090b00000, 0x0000000090b00000, 0x0000000090c00000|  0%| F|  |TAMS 0x0000000090b00000, 0x0000000090b00000| Untracked 
| 268|0x0000000090c00000, 0x0000000090c00000, 0x0000000090d00000|  0%| F|  |TAMS 0x0000000090c00000, 0x0000000090c00000| Untracked 
| 269|0x0000000090d00000, 0x0000000090d00000, 0x0000000090e00000|  0%| F|  |TAMS 0x0000000090d00000, 0x0000000090d00000| Untracked 
| 270|0x0000000090e00000, 0x0000000090e00000, 0x0000000090f00000|  0%| F|  |TAMS 0x0000000090e00000, 0x0000000090e00000| Untracked 
| 271|0x0000000090f00000, 0x0000000090f00000, 0x0000000091000000|  0%| F|  |TAMS 0x0000000090f00000, 0x0000000090f00000| Untracked 
| 272|0x0000000091000000, 0x0000000091000000, 0x0000000091100000|  0%| F|  |TAMS 0x0000000091000000, 0x0000000091000000| Untracked 
| 273|0x0000000091100000, 0x0000000091100000, 0x0000000091200000|  0%| F|  |TAMS 0x0000000091100000, 0x0000000091100000| Untracked 
| 274|0x0000000091200000, 0x0000000091200000, 0x0000000091300000|  0%| F|  |TAMS 0x0000000091200000, 0x0000000091200000| Untracked 
| 275|0x0000000091300000, 0x0000000091300000, 0x0000000091400000|  0%| F|  |TAMS 0x0000000091300000, 0x0000000091300000| Untracked 
| 276|0x0000000091400000, 0x0000000091400000, 0x0000000091500000|  0%| F|  |TAMS 0x0000000091400000, 0x0000000091400000| Untracked 
| 277|0x0000000091500000, 0x0000000091500000, 0x0000000091600000|  0%| F|  |TAMS 0x0000000091500000, 0x0000000091500000| Untracked 
| 278|0x0000000091600000, 0x0000000091600000, 0x0000000091700000|  0%| F|  |TAMS 0x0000000091600000, 0x0000000091600000| Untracked 
| 279|0x0000000091700000, 0x0000000091700000, 0x0000000091800000|  0%| F|  |TAMS 0x0000000091700000, 0x0000000091700000| Untracked 
| 280|0x0000000091800000, 0x0000000091800000, 0x0000000091900000|  0%| F|  |TAMS 0x0000000091800000, 0x0000000091800000| Untracked 
| 281|0x0000000091900000, 0x0000000091900000, 0x0000000091a00000|  0%| F|  |TAMS 0x0000000091900000, 0x0000000091900000| Untracked 
| 282|0x0000000091a00000, 0x0000000091a00000, 0x0000000091b00000|  0%| F|  |TAMS 0x0000000091a00000, 0x0000000091a00000| Untracked 
| 283|0x0000000091b00000, 0x0000000091b00000, 0x0000000091c00000|  0%| F|  |TAMS 0x0000000091b00000, 0x0000000091b00000| Untracked 
| 284|0x0000000091c00000, 0x0000000091c00000, 0x0000000091d00000|  0%| F|  |TAMS 0x0000000091c00000, 0x0000000091c00000| Untracked 
| 285|0x0000000091d00000, 0x0000000091d00000, 0x0000000091e00000|  0%| F|  |TAMS 0x0000000091d00000, 0x0000000091d00000| Untracked 
| 286|0x0000000091e00000, 0x0000000091e00000, 0x0000000091f00000|  0%| F|  |TAMS 0x0000000091e00000, 0x0000000091e00000| Untracked 
| 287|0x0000000091f00000, 0x0000000091f00000, 0x0000000092000000|  0%| F|  |TAMS 0x0000000091f00000, 0x0000000091f00000| Untracked 
| 288|0x0000000092000000, 0x0000000092000000, 0x0000000092100000|  0%| F|  |TAMS 0x0000000092000000, 0x0000000092000000| Untracked 
| 289|0x0000000092100000, 0x0000000092100000, 0x0000000092200000|  0%| F|  |TAMS 0x0000000092100000, 0x0000000092100000| Untracked 
| 290|0x0000000092200000, 0x0000000092200000, 0x0000000092300000|  0%| F|  |TAMS 0x0000000092200000, 0x0000000092200000| Untracked 
| 291|0x0000000092300000, 0x0000000092300000, 0x0000000092400000|  0%| F|  |TAMS 0x0000000092300000, 0x0000000092300000| Untracked 
| 292|0x0000000092400000, 0x0000000092400000, 0x0000000092500000|  0%| F|  |TAMS 0x0000000092400000, 0x0000000092400000| Untracked 
| 293|0x0000000092500000, 0x0000000092500000, 0x0000000092600000|  0%| F|  |TAMS 0x0000000092500000, 0x0000000092500000| Untracked 
| 294|0x0000000092600000, 0x0000000092600000, 0x0000000092700000|  0%| F|  |TAMS 0x0000000092600000, 0x0000000092600000| Untracked 
| 295|0x0000000092700000, 0x0000000092700000, 0x0000000092800000|  0%| F|  |TAMS 0x0000000092700000, 0x0000000092700000| Untracked 
| 296|0x0000000092800000, 0x0000000092800000, 0x0000000092900000|  0%| F|  |TAMS 0x0000000092800000, 0x0000000092800000| Untracked 
| 297|0x0000000092900000, 0x0000000092900000, 0x0000000092a00000|  0%| F|  |TAMS 0x0000000092900000, 0x0000000092900000| Untracked 
| 298|0x0000000092a00000, 0x0000000092a00000, 0x0000000092b00000|  0%| F|  |TAMS 0x0000000092a00000, 0x0000000092a00000| Untracked 
| 299|0x0000000092b00000, 0x0000000092b00000, 0x0000000092c00000|  0%| F|  |TAMS 0x0000000092b00000, 0x0000000092b00000| Untracked 
| 300|0x0000000092c00000, 0x0000000092c00000, 0x0000000092d00000|  0%| F|  |TAMS 0x0000000092c00000, 0x0000000092c00000| Untracked 
| 301|0x0000000092d00000, 0x0000000092d00000, 0x0000000092e00000|  0%| F|  |TAMS 0x0000000092d00000, 0x0000000092d00000| Untracked 
| 302|0x0000000092e00000, 0x0000000092e00000, 0x0000000092f00000|  0%| F|  |TAMS 0x0000000092e00000, 0x0000000092e00000| Untracked 
| 303|0x0000000092f00000, 0x0000000092f00000, 0x0000000093000000|  0%| F|  |TAMS 0x0000000092f00000, 0x0000000092f00000| Untracked 
| 304|0x0000000093000000, 0x0000000093000000, 0x0000000093100000|  0%| F|  |TAMS 0x0000000093000000, 0x0000000093000000| Untracked 
| 305|0x0000000093100000, 0x0000000093100000, 0x0000000093200000|  0%| F|  |TAMS 0x0000000093100000, 0x0000000093100000| Untracked 
| 306|0x0000000093200000, 0x0000000093200000, 0x0000000093300000|  0%| F|  |TAMS 0x0000000093200000, 0x0000000093200000| Untracked 
| 307|0x0000000093300000, 0x0000000093300000, 0x0000000093400000|  0%| F|  |TAMS 0x0000000093300000, 0x0000000093300000| Untracked 
| 308|0x0000000093400000, 0x0000000093400000, 0x0000000093500000|  0%| F|  |TAMS 0x0000000093400000, 0x0000000093400000| Untracked 
| 309|0x0000000093500000, 0x0000000093500000, 0x0000000093600000|  0%| F|  |TAMS 0x0000000093500000, 0x0000000093500000| Untracked 
| 310|0x0000000093600000, 0x0000000093600000, 0x0000000093700000|  0%| F|  |TAMS 0x0000000093600000, 0x0000000093600000| Untracked 
| 311|0x0000000093700000, 0x0000000093700000, 0x0000000093800000|  0%| F|  |TAMS 0x0000000093700000, 0x0000000093700000| Untracked 
| 312|0x0000000093800000, 0x0000000093800000, 0x0000000093900000|  0%| F|  |TAMS 0x0000000093800000, 0x0000000093800000| Untracked 
| 313|0x0000000093900000, 0x0000000093900000, 0x0000000093a00000|  0%| F|  |TAMS 0x0000000093900000, 0x0000000093900000| Untracked 
| 314|0x0000000093a00000, 0x0000000093a00000, 0x0000000093b00000|  0%| F|  |TAMS 0x0000000093a00000, 0x0000000093a00000| Untracked 
| 315|0x0000000093b00000, 0x0000000093b00000, 0x0000000093c00000|  0%| F|  |TAMS 0x0000000093b00000, 0x0000000093b00000| Untracked 
| 316|0x0000000093c00000, 0x0000000093c00000, 0x0000000093d00000|  0%| F|  |TAMS 0x0000000093c00000, 0x0000000093c00000| Untracked 
| 317|0x0000000093d00000, 0x0000000093d00000, 0x0000000093e00000|  0%| F|  |TAMS 0x0000000093d00000, 0x0000000093d00000| Untracked 
| 318|0x0000000093e00000, 0x0000000093e00000, 0x0000000093f00000|  0%| F|  |TAMS 0x0000000093e00000, 0x0000000093e00000| Untracked 
| 319|0x0000000093f00000, 0x0000000093f00000, 0x0000000094000000|  0%| F|  |TAMS 0x0000000093f00000, 0x0000000093f00000| Untracked 
| 320|0x0000000094000000, 0x0000000094000000, 0x0000000094100000|  0%| F|  |TAMS 0x0000000094000000, 0x0000000094000000| Untracked 
| 321|0x0000000094100000, 0x0000000094100000, 0x0000000094200000|  0%| F|  |TAMS 0x0000000094100000, 0x0000000094100000| Untracked 
| 322|0x0000000094200000, 0x0000000094200000, 0x0000000094300000|  0%| F|  |TAMS 0x0000000094200000, 0x0000000094200000| Untracked 
| 323|0x0000000094300000, 0x0000000094300000, 0x0000000094400000|  0%| F|  |TAMS 0x0000000094300000, 0x0000000094300000| Untracked 
| 324|0x0000000094400000, 0x0000000094400000, 0x0000000094500000|  0%| F|  |TAMS 0x0000000094400000, 0x0000000094400000| Untracked 
| 325|0x0000000094500000, 0x0000000094500000, 0x0000000094600000|  0%| F|  |TAMS 0x0000000094500000, 0x0000000094500000| Untracked 
| 326|0x0000000094600000, 0x0000000094600000, 0x0000000094700000|  0%| F|  |TAMS 0x0000000094600000, 0x0000000094600000| Untracked 
| 327|0x0000000094700000, 0x0000000094700000, 0x0000000094800000|  0%| F|  |TAMS 0x0000000094700000, 0x0000000094700000| Untracked 
| 328|0x0000000094800000, 0x0000000094800000, 0x0000000094900000|  0%| F|  |TAMS 0x0000000094800000, 0x0000000094800000| Untracked 
| 329|0x0000000094900000, 0x0000000094900000, 0x0000000094a00000|  0%| F|  |TAMS 0x0000000094900000, 0x0000000094900000| Untracked 
| 330|0x0000000094a00000, 0x0000000094a00000, 0x0000000094b00000|  0%| F|  |TAMS 0x0000000094a00000, 0x0000000094a00000| Untracked 
| 331|0x0000000094b00000, 0x0000000094b00000, 0x0000000094c00000|  0%| F|  |TAMS 0x0000000094b00000, 0x0000000094b00000| Untracked 
| 332|0x0000000094c00000, 0x0000000094c00000, 0x0000000094d00000|  0%| F|  |TAMS 0x0000000094c00000, 0x0000000094c00000| Untracked 
| 333|0x0000000094d00000, 0x0000000094d00000, 0x0000000094e00000|  0%| F|  |TAMS 0x0000000094d00000, 0x0000000094d00000| Untracked 
| 334|0x0000000094e00000, 0x0000000094e00000, 0x0000000094f00000|  0%| F|  |TAMS 0x0000000094e00000, 0x0000000094e00000| Untracked 
| 335|0x0000000094f00000, 0x0000000094f00000, 0x0000000095000000|  0%| F|  |TAMS 0x0000000094f00000, 0x0000000094f00000| Untracked 
| 336|0x0000000095000000, 0x0000000095000000, 0x0000000095100000|  0%| F|  |TAMS 0x0000000095000000, 0x0000000095000000| Untracked 
| 337|0x0000000095100000, 0x0000000095100000, 0x0000000095200000|  0%| F|  |TAMS 0x0000000095100000, 0x0000000095100000| Untracked 
| 338|0x0000000095200000, 0x0000000095200000, 0x0000000095300000|  0%| F|  |TAMS 0x0000000095200000, 0x0000000095200000| Untracked 
| 339|0x0000000095300000, 0x0000000095300000, 0x0000000095400000|  0%| F|  |TAMS 0x0000000095300000, 0x0000000095300000| Untracked 
| 340|0x0000000095400000, 0x0000000095400000, 0x0000000095500000|  0%| F|  |TAMS 0x0000000095400000, 0x0000000095400000| Untracked 
| 341|0x0000000095500000, 0x0000000095500000, 0x0000000095600000|  0%| F|  |TAMS 0x0000000095500000, 0x0000000095500000| Untracked 
| 342|0x0000000095600000, 0x0000000095600000, 0x0000000095700000|  0%| F|  |TAMS 0x0000000095600000, 0x0000000095600000| Untracked 
| 343|0x0000000095700000, 0x0000000095700000, 0x0000000095800000|  0%| F|  |TAMS 0x0000000095700000, 0x0000000095700000| Untracked 
| 344|0x0000000095800000, 0x0000000095800000, 0x0000000095900000|  0%| F|  |TAMS 0x0000000095800000, 0x0000000095800000| Untracked 
| 345|0x0000000095900000, 0x0000000095900000, 0x0000000095a00000|  0%| F|  |TAMS 0x0000000095900000, 0x0000000095900000| Untracked 
| 346|0x0000000095a00000, 0x0000000095a00000, 0x0000000095b00000|  0%| F|  |TAMS 0x0000000095a00000, 0x0000000095a00000| Untracked 
| 347|0x0000000095b00000, 0x0000000095b00000, 0x0000000095c00000|  0%| F|  |TAMS 0x0000000095b00000, 0x0000000095b00000| Untracked 
| 348|0x0000000095c00000, 0x0000000095c00000, 0x0000000095d00000|  0%| F|  |TAMS 0x0000000095c00000, 0x0000000095c00000| Untracked 
| 349|0x0000000095d00000, 0x0000000095d00000, 0x0000000095e00000|  0%| F|  |TAMS 0x0000000095d00000, 0x0000000095d00000| Untracked 
| 350|0x0000000095e00000, 0x0000000095e00000, 0x0000000095f00000|  0%| F|  |TAMS 0x0000000095e00000, 0x0000000095e00000| Untracked 
| 351|0x0000000095f00000, 0x0000000095f00000, 0x0000000096000000|  0%| F|  |TAMS 0x0000000095f00000, 0x0000000095f00000| Untracked 
| 352|0x0000000096000000, 0x0000000096000000, 0x0000000096100000|  0%| F|  |TAMS 0x0000000096000000, 0x0000000096000000| Untracked 
| 353|0x0000000096100000, 0x0000000096100000, 0x0000000096200000|  0%| F|  |TAMS 0x0000000096100000, 0x0000000096100000| Untracked 
| 354|0x0000000096200000, 0x0000000096200000, 0x0000000096300000|  0%| F|  |TAMS 0x0000000096200000, 0x0000000096200000| Untracked 
| 355|0x0000000096300000, 0x0000000096300000, 0x0000000096400000|  0%| F|  |TAMS 0x0000000096300000, 0x0000000096300000| Untracked 
| 356|0x0000000096400000, 0x0000000096400000, 0x0000000096500000|  0%| F|  |TAMS 0x0000000096400000, 0x0000000096400000| Untracked 
| 357|0x0000000096500000, 0x0000000096500000, 0x0000000096600000|  0%| F|  |TAMS 0x0000000096500000, 0x0000000096500000| Untracked 
| 358|0x0000000096600000, 0x0000000096600000, 0x0000000096700000|  0%| F|  |TAMS 0x0000000096600000, 0x0000000096600000| Untracked 
| 359|0x0000000096700000, 0x0000000096700000, 0x0000000096800000|  0%| F|  |TAMS 0x0000000096700000, 0x0000000096700000| Untracked 
| 360|0x0000000096800000, 0x0000000096800000, 0x0000000096900000|  0%| F|  |TAMS 0x0000000096800000, 0x0000000096800000| Untracked 
| 361|0x0000000096900000, 0x0000000096900000, 0x0000000096a00000|  0%| F|  |TAMS 0x0000000096900000, 0x0000000096900000| Untracked 
| 362|0x0000000096a00000, 0x0000000096a00000, 0x0000000096b00000|  0%| F|  |TAMS 0x0000000096a00000, 0x0000000096a00000| Untracked 
| 363|0x0000000096b00000, 0x0000000096b00000, 0x0000000096c00000|  0%| F|  |TAMS 0x0000000096b00000, 0x0000000096b00000| Untracked 
| 364|0x0000000096c00000, 0x0000000096c00000, 0x0000000096d00000|  0%| F|  |TAMS 0x0000000096c00000, 0x0000000096c00000| Untracked 
| 365|0x0000000096d00000, 0x0000000096d00000, 0x0000000096e00000|  0%| F|  |TAMS 0x0000000096d00000, 0x0000000096d00000| Untracked 

Card table byte_map: [0x0000020c18150000,0x0000020c18550000] _byte_map_base: 0x0000020c17d50000

Marking Bits (Prev, Next): (CMBitMap*) 0x0000020c04f705c8, (CMBitMap*) 0x0000020c04f70600
 Prev Bits: [0x0000020c18950000, 0x0000020c1a950000)
 Next Bits: [0x0000020c1a950000, 0x0000020c1c950000)

Polling page: 0x0000020c04710000

Metaspace:

Usage:
  Non-class:    105.50 MB capacity,   103.44 MB ( 98%) used,     1.65 MB (  2%) free+waste,   413.50 KB ( <1%) overhead. 
      Class:     15.94 MB capacity,    14.71 MB ( 92%) used,     1.05 MB (  7%) free+waste,   181.19 KB (  1%) overhead. 
       Both:    121.43 MB capacity,   118.15 MB ( 97%) used,     2.70 MB (  2%) free+waste,   594.69 KB ( <1%) overhead. 

Virtual space:
  Non-class space:      106.00 MB reserved,     105.50 MB (>99%) committed 
      Class space:        1.00 GB reserved,      15.95 MB (  2%) committed 
             Both:        1.10 GB reserved,     121.45 MB ( 11%) committed 

Chunk freelists:
   Non-Class:  2.00 KB
       Class:  0 bytes
        Both:  2.00 KB

MaxMetaspaceSize: 17179869184.00 GB
CompressedClassSpaceSize: 1.00 GB

CodeHeap 'non-profiled nmethods': size=120000Kb used=11580Kb max_used=11580Kb free=108419Kb
 bounds [0x0000020c104f0000, 0x0000020c11060000, 0x0000020c17a20000]
CodeHeap 'profiled nmethods': size=120000Kb used=47954Kb max_used=47954Kb free=72045Kb
 bounds [0x0000020c08fc0000, 0x0000020c0beb0000, 0x0000020c104f0000]
CodeHeap 'non-nmethods': size=5760Kb used=2360Kb max_used=2426Kb free=3399Kb
 bounds [0x0000020c08a20000, 0x0000020c08c90000, 0x0000020c08fc0000]
 total_blobs=21764 nmethods=20793 adapters=879
 compilation: enabled
              stopped_count=0, restarted_count=0
 full_count=0

Compilation events (20 events):
Event: 406.132 Thread 0x0000020c1f3b1800 nmethod 22789 0x0000020c0be9c510 code [0x0000020c0be9c760, 0x0000020c0be9cf08]
Event: 406.133 Thread 0x0000020c1f3b1800 22794       2       com.android.tools.r8.graph.H0::a (11 bytes)
Event: 406.133 Thread 0x0000020c1f3b1800 nmethod 22794 0x0000020c0be9d290 code [0x0000020c0be9d460, 0x0000020c0be9d688]
Event: 406.134 Thread 0x0000020c1f3b1800 22812       2       com.android.tools.r8.internal.up::a (150 bytes)
Event: 406.135 Thread 0x0000020c1f3b1800 nmethod 22812 0x0000020c0be9d810 code [0x0000020c0be9daa0, 0x0000020c0be9e0e8]
Event: 406.135 Thread 0x0000020c1f3b1800 22810       2       com.android.tools.r8.internal.he::b (27 bytes)
Event: 406.135 Thread 0x0000020c1f3b1800 nmethod 22810 0x0000020c0be9e390 code [0x0000020c0be9e560, 0x0000020c0be9e718]
Event: 406.135 Thread 0x0000020c1f3b1800 22815       2       com.android.tools.r8.internal.qf::equals (6 bytes)
Event: 406.135 Thread 0x0000020c1f3b1800 nmethod 22815 0x0000020c0be9e890 code [0x0000020c0be9ea40, 0x0000020c0be9eb48]
Event: 406.135 Thread 0x0000020c1f3b1800 22596       2       com.android.tools.r8.internal.jt$$Lambda$1547/0x0000000100e4c840::<init> (15 bytes)
Event: 406.135 Thread 0x0000020c1f3b1800 nmethod 22596 0x0000020c0be9ec10 code [0x0000020c0be9edc0, 0x0000020c0be9ef58]
Event: 406.135 Thread 0x0000020c1f3b1800 22694       2       com.android.tools.r8.internal.H3::hashCode (23 bytes)
Event: 406.136 Thread 0x0000020c1f3b1800 nmethod 22694 0x0000020c0be9f010 code [0x0000020c0be9f1e0, 0x0000020c0be9f338]
Event: 406.136 Thread 0x0000020c1f3b1800 22800       2       com.android.tools.r8.internal.ea::a (493 bytes)
Event: 406.138 Thread 0x0000020c1f3b1800 nmethod 22800 0x0000020c0be9f410 code [0x0000020c0be9f780, 0x0000020c0bea07e8]
Event: 406.138 Thread 0x0000020c1f3b1800 22816       2       java.util.HashMap$EntrySet::spliterator (16 bytes)
Event: 406.139 Thread 0x0000020c1f3b1800 nmethod 22816 0x0000020c0bea1390 code [0x0000020c0bea1540, 0x0000020c0bea16e8]
Event: 406.139 Thread 0x0000020c1f3b1800 22811       2       com.android.tools.r8.ir.conversion.k::a (439 bytes)
Event: 406.141 Thread 0x0000020c1f3b1800 nmethod 22811 0x0000020c0bea1810 code [0x0000020c0bea1ac0, 0x0000020c0bea2308]
Event: 406.141 Thread 0x0000020c1f3b1800 22822 %     3       java.util.HashMap::containsValue @ 27 (89 bytes)

GC Heap History (20 events):
Event: 403.665 GC heap after
{Heap after GC invocations=86 (full 0):
 garbage-first heap   total 187392K, used 132770K [0x0000000080000000, 0x0000000100000000)
  region size 1024K, 4 young (4096K), 4 survivors (4096K)
 Metaspace       used 119773K, capacity 122983K, committed 123340K, reserved 1157120K
  class space    used 14935K, capacity 16145K, committed 16332K, reserved 1048576K
}
Event: 403.680 GC heap before
{Heap before GC invocations=86 (full 0):
 garbage-first heap   total 187392K, used 137890K [0x0000000080000000, 0x0000000100000000)
  region size 1024K, 9 young (9216K), 4 survivors (4096K)
 Metaspace       used 119773K, capacity 122983K, committed 123340K, reserved 1157120K
  class space    used 14935K, capacity 16145K, committed 16332K, reserved 1048576K
}
Event: 403.695 GC heap after
{Heap after GC invocations=87 (full 0):
 garbage-first heap   total 187392K, used 129150K [0x0000000080000000, 0x0000000100000000)
  region size 1024K, 1 young (1024K), 1 survivors (1024K)
 Metaspace       used 119773K, capacity 122983K, committed 123340K, reserved 1157120K
  class space    used 14935K, capacity 16145K, committed 16332K, reserved 1048576K
}
Event: 403.781 GC heap before
{Heap before GC invocations=87 (full 0):
 garbage-first heap   total 187392K, used 154750K [0x0000000080000000, 0x0000000100000000)
  region size 1024K, 26 young (26624K), 1 survivors (1024K)
 Metaspace       used 119809K, capacity 123019K, committed 123340K, reserved 1157120K
  class space    used 14942K, capacity 16157K, committed 16332K, reserved 1048576K
}
Event: 403.793 GC heap after
{Heap after GC invocations=88 (full 0):
 garbage-first heap   total 187392K, used 130905K [0x0000000080000000, 0x0000000100000000)
  region size 1024K, 3 young (3072K), 3 survivors (3072K)
 Metaspace       used 119809K, capacity 123019K, committed 123340K, reserved 1157120K
  class space    used 14942K, capacity 16157K, committed 16332K, reserved 1048576K
}
Event: 403.925 GC heap before
{Heap before GC invocations=88 (full 0):
 garbage-first heap   total 187392K, used 154457K [0x0000000080000000, 0x0000000100000000)
  region size 1024K, 27 young (27648K), 3 survivors (3072K)
 Metaspace       used 119948K, capacity 123106K, committed 123340K, reserved 1157120K
  class space    used 14968K, capacity 16165K, committed 16332K, reserved 1048576K
}
Event: 403.935 GC heap after
{Heap after GC invocations=89 (full 0):
 garbage-first heap   total 187392K, used 133295K [0x0000000080000000, 0x0000000100000000)
  region size 1024K, 4 young (4096K), 4 survivors (4096K)
 Metaspace       used 119948K, capacity 123106K, committed 123340K, reserved 1157120K
  class space    used 14968K, capacity 16165K, committed 16332K, reserved 1048576K
}
Event: 404.108 GC heap before
{Heap before GC invocations=90 (full 0):
 garbage-first heap   total 187392K, used 156847K [0x0000000080000000, 0x0000000100000000)
  region size 1024K, 27 young (27648K), 4 survivors (4096K)
 Metaspace       used 120081K, capacity 123293K, committed 123596K, reserved 1157120K
  class space    used 14984K, capacity 16206K, committed 16332K, reserved 1048576K
}
Event: 404.119 GC heap after
{Heap after GC invocations=91 (full 0):
 garbage-first heap   total 187392K, used 135739K [0x0000000080000000, 0x0000000100000000)
  region size 1024K, 3 young (3072K), 3 survivors (3072K)
 Metaspace       used 120081K, capacity 123293K, committed 123596K, reserved 1157120K
  class space    used 14984K, capacity 16206K, committed 16332K, reserved 1048576K
}
Event: 404.137 GC heap before
{Heap before GC invocations=91 (full 0):
 garbage-first heap   total 187392K, used 141883K [0x0000000080000000, 0x0000000100000000)
  region size 1024K, 9 young (9216K), 3 survivors (3072K)
 Metaspace       used 120082K, capacity 123293K, committed 123596K, reserved 1157120K
  class space    used 14984K, capacity 16206K, committed 16332K, reserved 1048576K
}
Event: 404.151 GC heap after
{Heap after GC invocations=92 (full 0):
 garbage-first heap   total 187392K, used 132121K [0x0000000080000000, 0x0000000100000000)
  region size 1024K, 1 young (1024K), 1 survivors (1024K)
 Metaspace       used 120082K, capacity 123293K, committed 123596K, reserved 1157120K
  class space    used 14984K, capacity 16206K, committed 16332K, reserved 1048576K
}
Event: 404.230 GC heap before
{Heap before GC invocations=92 (full 0):
 garbage-first heap   total 187392K, used 156697K [0x0000000080000000, 0x0000000100000000)
  region size 1024K, 25 young (25600K), 1 survivors (1024K)
 Metaspace       used 120087K, capacity 123297K, committed 123596K, reserved 1157120K
  class space    used 14985K, capacity 16207K, committed 16332K, reserved 1048576K
}
Event: 404.248 GC heap after
{Heap after GC invocations=93 (full 0):
 garbage-first heap   total 374784K, used 135390K [0x0000000080000000, 0x0000000100000000)
  region size 1024K, 4 young (4096K), 4 survivors (4096K)
 Metaspace       used 120087K, capacity 123297K, committed 123596K, reserved 1157120K
  class space    used 14985K, capacity 16207K, committed 16332K, reserved 1048576K
}
Event: 404.773 GC heap before
{Heap before GC invocations=94 (full 0):
 garbage-first heap   total 374784K, used 232670K [0x0000000080000000, 0x0000000100000000)
  region size 1024K, 100 young (102400K), 4 survivors (4096K)
 Metaspace       used 120231K, capacity 123464K, committed 123596K, reserved 1157120K
  class space    used 14995K, capacity 16218K, committed 16332K, reserved 1048576K
}
Event: 404.804 GC heap after
{Heap after GC invocations=95 (full 0):
 garbage-first heap   total 374784K, used 142011K [0x0000000080000000, 0x0000000100000000)
  region size 1024K, 11 young (11264K), 11 survivors (11264K)
 Metaspace       used 120231K, capacity 123464K, committed 123596K, reserved 1157120K
  class space    used 14995K, capacity 16218K, committed 16332K, reserved 1048576K
}
Event: 405.225 GC heap before
{Heap before GC invocations=95 (full 0):
 garbage-first heap   total 374784K, used 248507K [0x0000000080000000, 0x0000000100000000)
  region size 1024K, 115 young (117760K), 11 survivors (11264K)
 Metaspace       used 120336K, capacity 123546K, committed 123852K, reserved 1157120K
  class space    used 15000K, capacity 16224K, committed 16332K, reserved 1048576K
}
Event: 405.271 GC heap after
{Heap after GC invocations=96 (full 0):
 garbage-first heap   total 374784K, used 146653K [0x0000000080000000, 0x0000000100000000)
  region size 1024K, 12 young (12288K), 12 survivors (12288K)
 Metaspace       used 120336K, capacity 123546K, committed 123852K, reserved 1157120K
  class space    used 15000K, capacity 16224K, committed 16332K, reserved 1048576K
}
Event: 405.771 GC heap before
{Heap before GC invocations=97 (full 0):
 garbage-first heap   total 374784K, used 265437K [0x0000000080000000, 0x0000000100000000)
  region size 1024K, 129 young (132096K), 12 survivors (12288K)
 Metaspace       used 120677K, capacity 123968K, committed 124108K, reserved 1157120K
  class space    used 15008K, capacity 16234K, committed 16332K, reserved 1048576K
}
Event: 405.792 GC heap after
{Heap after GC invocations=98 (full 0):
 garbage-first heap   total 374784K, used 148341K [0x0000000080000000, 0x0000000100000000)
  region size 1024K, 7 young (7168K), 7 survivors (7168K)
 Metaspace       used 120677K, capacity 123968K, committed 124108K, reserved 1157120K
  class space    used 15008K, capacity 16234K, committed 16332K, reserved 1048576K
}
Event: 406.142 GC heap before
{Heap before GC invocations=98 (full 0):
 garbage-first heap   total 374784K, used 281461K [0x0000000080000000, 0x0000000100000000)
  region size 1024K, 138 young (141312K), 7 survivors (7168K)
 Metaspace       used 120988K, capacity 124349K, committed 124364K, reserved 1157120K
  class space    used 15062K, capacity 16319K, committed 16332K, reserved 1048576K
}

Deoptimization events (20 events):
Event: 406.069 Thread 0x0000020c27f8d000 Uncommon trap: trap_request=0xffffffd6 fr.pc=0x0000020c106d17ec relative=0x00000000000019ec
Event: 406.069 Thread 0x0000020c27f8d000 Uncommon trap: reason=array_check action=maybe_recompile pc=0x0000020c106d17ec method=java.util.TimSort.reverseRange([Ljava/lang/Object;II)V @ 27 c2
Event: 406.069 Thread 0x0000020c27f8d000 DEOPT PACKING pc=0x0000020c106d17ec sp=0x0000007e0b3fa5d0
Event: 406.069 Thread 0x0000020c27f8d000 DEOPT UNPACKING pc=0x0000020c08a283af sp=0x0000007e0b3fa488 mode 2
Event: 406.071 Thread 0x0000020c27f8d000 Uncommon trap: trap_request=0xffffffc6 fr.pc=0x0000020c10662154 relative=0x00000000000001f4
Event: 406.071 Thread 0x0000020c27f8d000 Uncommon trap: reason=bimorphic_or_optimized_type_check action=maybe_recompile pc=0x0000020c10662154 method=com.android.tools.r8.internal.Uu.a(Lcom/android/tools/r8/internal/f8;Lcom/android/tools/r8/internal/EE;Lcom/android/tools/r8/internal/EE;)I @ 3 c2
Event: 406.071 Thread 0x0000020c27f8d000 DEOPT PACKING pc=0x0000020c10662154 sp=0x0000007e0b3f9a80
Event: 406.071 Thread 0x0000020c27f8d000 DEOPT UNPACKING pc=0x0000020c08a283af sp=0x0000007e0b3f99a8 mode 2
Event: 406.071 Thread 0x0000020c27f8d000 Uncommon trap: trap_request=0xffffffc6 fr.pc=0x0000020c10662154 relative=0x00000000000001f4
Event: 406.071 Thread 0x0000020c27f8d000 Uncommon trap: reason=bimorphic_or_optimized_type_check action=maybe_recompile pc=0x0000020c10662154 method=com.android.tools.r8.internal.Uu.a(Lcom/android/tools/r8/internal/f8;Lcom/android/tools/r8/internal/EE;Lcom/android/tools/r8/internal/EE;)I @ 3 c2
Event: 406.071 Thread 0x0000020c27f8d000 DEOPT PACKING pc=0x0000020c10662154 sp=0x0000007e0b3f9a80
Event: 406.071 Thread 0x0000020c27f8d000 DEOPT UNPACKING pc=0x0000020c08a283af sp=0x0000007e0b3f99a8 mode 2
Event: 406.071 Thread 0x0000020c27f8d000 Uncommon trap: trap_request=0xffffffc6 fr.pc=0x0000020c10662154 relative=0x00000000000001f4
Event: 406.071 Thread 0x0000020c27f8d000 Uncommon trap: reason=bimorphic_or_optimized_type_check action=maybe_recompile pc=0x0000020c10662154 method=com.android.tools.r8.internal.Uu.a(Lcom/android/tools/r8/internal/f8;Lcom/android/tools/r8/internal/EE;Lcom/android/tools/r8/internal/EE;)I @ 3 c2
Event: 406.071 Thread 0x0000020c27f8d000 DEOPT PACKING pc=0x0000020c10662154 sp=0x0000007e0b3f9a30
Event: 406.071 Thread 0x0000020c27f8d000 DEOPT UNPACKING pc=0x0000020c08a283af sp=0x0000007e0b3f9958 mode 2
Event: 406.071 Thread 0x0000020c27f8d000 Uncommon trap: trap_request=0xffffffc6 fr.pc=0x0000020c10662154 relative=0x00000000000001f4
Event: 406.071 Thread 0x0000020c27f8d000 Uncommon trap: reason=bimorphic_or_optimized_type_check action=maybe_recompile pc=0x0000020c10662154 method=com.android.tools.r8.internal.Uu.a(Lcom/android/tools/r8/internal/f8;Lcom/android/tools/r8/internal/EE;Lcom/android/tools/r8/internal/EE;)I @ 3 c2
Event: 406.071 Thread 0x0000020c27f8d000 DEOPT PACKING pc=0x0000020c10662154 sp=0x0000007e0b3f9a30
Event: 406.071 Thread 0x0000020c27f8d000 DEOPT UNPACKING pc=0x0000020c08a283af sp=0x0000007e0b3f9958 mode 2

Classes redefined (0 events):
No events

Internal exceptions (20 events):
Event: 402.701 Thread 0x0000020c27f91000 Exception <a 'java/lang/NoSuchMethodError'{0x000000008a6e50e0}: 'void java.lang.invoke.DirectMethodHandle$Holder.invokeStatic(java.lang.Object, java.lang.Object, int, java.lang.Object, java.lang.Object, java.lang.Object, java.lang.Object)'> (0x000000008a6e50e0) thrown at [./src/hotspot/share/interpreter/linkResolver.cpp, line 773]
Event: 402.701 Thread 0x0000020c27f8d000 Exception <a 'java/lang/NoSuchMethodError'{0x000000008a6ff828}: 'void java.lang.invoke.DirectMethodHandle$Holder.invokeStatic(java.lang.Object, java.lang.Object, int, java.lang.Object, java.lang.Object, java.lang.Object, java.lang.Object)'> (0x000000008a6ff828) thrown at [./src/hotspot/share/interpreter/linkResolver.cpp, line 773]
Event: 402.707 Thread 0x0000020c27f90000 Exception <a 'sun/nio/fs/WindowsException'{0x000000008a183d08}> (0x000000008a183d08) thrown at [./src/hotspot/share/prims/jni.cpp, line 615]
Event: 402.713 Thread 0x0000020c27f92800 Exception <a 'sun/nio/fs/WindowsException'{0x0000000089f80f70}> (0x0000000089f80f70) thrown at [./src/hotspot/share/prims/jni.cpp, line 615]
Event: 402.768 Thread 0x0000020c27f8f000 Exception <a 'java/lang/NoSuchMethodError'{0x0000000089123830}: 'java.lang.Object java.lang.invoke.DirectMethodHandle$Holder.invokeStatic(java.lang.Object, int, java.lang.Object, java.lang.Object)'> (0x0000000089123830) thrown at [./src/hotspot/share/interpreter/linkResolver.cpp, line 773]
Event: 402.882 Thread 0x0000020c27f91800 Exception <a 'sun/nio/fs/WindowsException'{0x000000008a54b890}> (0x000000008a54b890) thrown at [./src/hotspot/share/prims/jni.cpp, line 615]
Event: 403.071 Thread 0x0000020c27f8a800 Exception <a 'sun/nio/fs/WindowsException'{0x00000000893bfa98}> (0x00000000893bfa98) thrown at [./src/hotspot/share/prims/jni.cpp, line 615]
Event: 403.410 Thread 0x0000020c27f8d000 Implicit null exception at 0x0000020c1058523b to 0x0000020c10586bb1
Event: 403.432 Thread 0x0000020c27f90000 Exception <a 'java/lang/NoSuchMethodError'{0x000000008a6744b8}: 'java.lang.Object java.lang.invoke.DirectMethodHandle$Holder.invokeInterface(java.lang.Object, java.lang.Object, int)'> (0x000000008a6744b8) thrown at [./src/hotspot/share/interpreter/linkResolver.cpp, line 773]
Event: 403.895 Thread 0x0000020c27f8d000 Exception <a 'java/lang/NoSuchMethodError'{0x000000008a3194f8}: 'java.lang.Object java.lang.invoke.DirectMethodHandle$Holder.invokeSpecial(java.lang.Object, java.lang.Object, java.lang.Object, java.lang.Object, java.lang.Object, java.lang.Object, java.lang.Object, java.lang.Object, java.lang.Object, java.lang.Object, java.lang.Object)'> (0x000000008a3194f8) thrown at [./src/hotspot/share/interpreter/linkResolver.cpp, line 773]
Event: 403.896 Thread 0x0000020c27f8d000 Exception <a 'java/lang/NoSuchMethodError'{0x000000008a32d1a8}: 'java.lang.Object java.lang.invoke.Invokers$Holder.linkToTargetMethod(java.lang.Object, java.lang.Object, java.lang.Object, java.lang.Object, java.lang.Object, java.lang.Object, java.lang.Object, java.lang.Object, java.lang.Object, java.lang.Object)'> (0x000000008a32d1a8) thrown at [./src/hotspot/share/interpreter/linkResolver.cpp, line 773]
Event: 404.013 Thread 0x0000020c27f8f000 Exception <a 'sun/nio/fs/WindowsException'{0x000000008b0ce310}> (0x000000008b0ce310) thrown at [./src/hotspot/share/prims/jni.cpp, line 615]
Event: 404.033 Thread 0x0000020c27f90000 Implicit null exception at 0x0000020c110267eb to 0x0000020c1102b5c8
Event: 404.083 Thread 0x0000020c27f8d000 Exception <a 'java/lang/IncompatibleClassChangeError'{0x000000008aa1bd28}: Found class java.lang.Object, but interface was expected> (0x000000008aa1bd28) thrown at [./src/hotspot/share/interpreter/linkResolver.cpp, line 839]
Event: 404.395 Thread 0x0000020c27f8e800 Implicit null exception at 0x0000020c1060af60 to 0x0000020c1060e844
Event: 404.706 Thread 0x0000020c27f8f000 Exception <a 'sun/nio/fs/WindowsException'{0x0000000091715000}> (0x0000000091715000) thrown at [./src/hotspot/share/prims/jni.cpp, line 615]
Event: 404.860 Thread 0x0000020c27f92800 Exception <a 'java/lang/NoSuchMethodError'{0x0000000095438d50}: 'int java.lang.invoke.DirectMethodHandle$Holder.invokeInterface(java.lang.Object, java.lang.Object, int)'> (0x0000000095438d50) thrown at [./src/hotspot/share/interpreter/linkResolver.cpp, line 773]
Event: 405.517 Thread 0x0000020c27f91000 Exception <a 'sun/nio/fs/WindowsException'{0x0000000094bbef28}> (0x0000000094bbef28) thrown at [./src/hotspot/share/prims/jni.cpp, line 615]
Event: 405.636 Thread 0x0000020c27f91000 Exception <a 'sun/nio/fs/WindowsException'{0x0000000092c096c0}> (0x0000000092c096c0) thrown at [./src/hotspot/share/prims/jni.cpp, line 615]
Event: 406.111 Thread 0x0000020c27f8d000 Exception <a 'sun/nio/fs/WindowsException'{0x000000008f7e8138}> (0x000000008f7e8138) thrown at [./src/hotspot/share/prims/jni.cpp, line 615]

Events (20 events):
Event: 406.043 loading class com/android/tools/r8/graph/v0$g done
Event: 406.044 loading class com/android/tools/r8/graph/v0$g
Event: 406.044 loading class com/android/tools/r8/graph/v0$g done
Event: 406.044 loading class com/android/tools/r8/graph/v0$j
Event: 406.044 loading class com/android/tools/r8/graph/v0$j done
Event: 406.045 loading class com/android/tools/r8/graph/v0$d
Event: 406.045 loading class com/android/tools/r8/graph/v0$d done
Event: 406.045 loading class com/android/tools/r8/graph/v0$f
Event: 406.045 loading class com/android/tools/r8/graph/v0$f done
Event: 406.045 loading class com/android/tools/r8/graph/v0$j
Event: 406.045 loading class com/android/tools/r8/graph/v0$j done
Event: 406.045 Executing VM operation: Deoptimize
Event: 406.051 Executing VM operation: Deoptimize done
Event: 406.051 loading class com/android/tools/r8/graph/d0
Event: 406.051 loading class com/android/tools/r8/graph/d0 done
Event: 406.051 loading class com/android/tools/r8/graph/d0
Event: 406.051 loading class com/android/tools/r8/graph/d0 done
Event: 406.051 loading class com/android/tools/r8/graph/S0
Event: 406.051 loading class com/android/tools/r8/graph/S0 done
Event: 406.142 Executing VM operation: G1CollectForAllocation


Dynamic libraries:
0x00007ff617060000 - 0x00007ff61706a000 	C:\Program Files\Android\Android Studio\jre\bin\java.exe
0x00007ffb46cf0000 - 0x00007ffb46ee5000 	C:\WINDOWS\SYSTEM32\ntdll.dll
0x00007ffb45180000 - 0x00007ffb4523e000 	C:\WINDOWS\System32\KERNEL32.DLL
0x00007ffb44570000 - 0x00007ffb44838000 	C:\WINDOWS\System32\KERNELBASE.dll
0x00007ffb44c40000 - 0x00007ffb44d40000 	C:\WINDOWS\System32\ucrtbase.dll
0x00007ffb161c0000 - 0x00007ffb161d9000 	C:\Program Files\Android\Android Studio\jre\bin\jli.dll
0x00007ffb15810000 - 0x00007ffb15827000 	C:\Program Files\Android\Android Studio\jre\bin\VCRUNTIME140.dll
0x00007ffb454a0000 - 0x00007ffb45641000 	C:\WINDOWS\System32\USER32.dll
0x00007ffb44840000 - 0x00007ffb44862000 	C:\WINDOWS\System32\win32u.dll
0x00007ffb30620000 - 0x00007ffb308ba000 	C:\WINDOWS\WinSxS\amd64_microsoft.windows.common-controls_6595b64144ccf1df_6.0.19041.1110_none_60b5254171f9507e\COMCTL32.dll
0x00007ffb44e20000 - 0x00007ffb44e4b000 	C:\WINDOWS\System32\GDI32.dll
0x00007ffb44ae0000 - 0x00007ffb44beb000 	C:\WINDOWS\System32\gdi32full.dll
0x00007ffb469f0000 - 0x00007ffb46a8e000 	C:\WINDOWS\System32\msvcrt.dll
0x00007ffb44900000 - 0x00007ffb4499d000 	C:\WINDOWS\System32\msvcp_win.dll
0x00007ffb45f50000 - 0x00007ffb45f80000 	C:\WINDOWS\System32\IMM32.DLL
0x00007ffaf94d0000 - 0x00007ffaf956d000 	C:\Program Files\Android\Android Studio\jre\bin\msvcp140.dll
0x00007ffad0a50000 - 0x00007ffad151f000 	C:\Program Files\Android\Android Studio\jre\bin\server\jvm.dll
0x00007ffb450d0000 - 0x00007ffb4517c000 	C:\WINDOWS\System32\ADVAPI32.dll
0x00007ffb466c0000 - 0x00007ffb4675b000 	C:\WINDOWS\System32\sechost.dll
0x00007ffb44fa0000 - 0x00007ffb450ca000 	C:\WINDOWS\System32\RPCRT4.dll
0x00007ffb469c0000 - 0x00007ffb469c8000 	C:\WINDOWS\System32\PSAPI.DLL
0x00007ffb40270000 - 0x00007ffb40279000 	C:\WINDOWS\SYSTEM32\WSOCK32.dll
0x00007ffb3cab0000 - 0x00007ffb3caba000 	C:\WINDOWS\SYSTEM32\VERSION.dll
0x00007ffb46a90000 - 0x00007ffb46afb000 	C:\WINDOWS\System32\WS2_32.dll
0x00007ffb3fec0000 - 0x00007ffb3fee7000 	C:\WINDOWS\SYSTEM32\WINMM.dll
0x00007ffb42310000 - 0x00007ffb42322000 	C:\WINDOWS\SYSTEM32\kernel.appcore.dll
0x00007ffb3def0000 - 0x00007ffb3df01000 	C:\Program Files\Android\Android Studio\jre\bin\verify.dll
0x00007ffb3fb70000 - 0x00007ffb3fd54000 	C:\WINDOWS\SYSTEM32\DBGHELP.DLL
0x00007ffb3fb40000 - 0x00007ffb3fb6c000 	C:\WINDOWS\SYSTEM32\dbgcore.DLL
0x00007ffb449a0000 - 0x00007ffb44a23000 	C:\WINDOWS\System32\bcryptPrimitives.dll
0x00007ffb35270000 - 0x00007ffb35299000 	C:\Program Files\Android\Android Studio\jre\bin\java.dll
0x00007ffb39bc0000 - 0x00007ffb39bcb000 	C:\Program Files\Android\Android Studio\jre\bin\jimage.dll
0x00007ffb33440000 - 0x00007ffb33458000 	C:\Program Files\Android\Android Studio\jre\bin\zip.dll
0x00007ffb45f80000 - 0x00007ffb466bf000 	C:\WINDOWS\System32\SHELL32.dll
0x00007ffb42510000 - 0x00007ffb42ca0000 	C:\WINDOWS\SYSTEM32\windows.storage.dll
0x00007ffb45bf0000 - 0x00007ffb45f45000 	C:\WINDOWS\System32\combase.dll
0x00007ffb43e60000 - 0x00007ffb43e8e000 	C:\WINDOWS\SYSTEM32\Wldp.dll
0x00007ffb46900000 - 0x00007ffb469ad000 	C:\WINDOWS\System32\SHCORE.dll
0x00007ffb44d40000 - 0x00007ffb44d95000 	C:\WINDOWS\System32\shlwapi.dll
0x00007ffb44350000 - 0x00007ffb4436f000 	C:\WINDOWS\SYSTEM32\profapi.dll
0x00007ffb31770000 - 0x00007ffb3178a000 	C:\Program Files\Android\Android Studio\jre\bin\net.dll
0x00007ffb324d0000 - 0x00007ffb325dc000 	C:\WINDOWS\SYSTEM32\WINHTTP.dll
0x00007ffb43bc0000 - 0x00007ffb43c2a000 	C:\WINDOWS\system32\mswsock.dll
0x00007ffb303d0000 - 0x00007ffb303e4000 	C:\Program Files\Android\Android Studio\jre\bin\nio.dll
0x00007ffb2c4b0000 - 0x00007ffb2c4d7000 	C:\Users\Abhinay\.gradle\native\8bec1ad78214c89d9ad589b4d07fe93259594b29d510b10fafb7a158f7737e5d\windows-amd64\native-platform.dll
0x00007ffaf5e30000 - 0x00007ffaf5f6d000 	C:\Users\Abhinay\.gradle\native\53dbd7edfb1c66fb8903c78663c9afc45aea4f116125fa6feffd364cf09443e8\windows-amd64\native-platform-file-events.dll
0x00007ffb35220000 - 0x00007ffb3522a000 	C:\Program Files\Android\Android Studio\jre\bin\management.dll
0x00007ffb34d00000 - 0x00007ffb34d0c000 	C:\Program Files\Android\Android Studio\jre\bin\management_ext.dll
0x00007ffb43dc0000 - 0x00007ffb43dd8000 	C:\WINDOWS\SYSTEM32\CRYPTSP.dll
0x00007ffb434d0000 - 0x00007ffb43504000 	C:\WINDOWS\system32\rsaenh.dll
0x00007ffb44870000 - 0x00007ffb44897000 	C:\WINDOWS\System32\bcrypt.dll
0x00007ffb442d0000 - 0x00007ffb442fe000 	C:\WINDOWS\SYSTEM32\USERENV.dll
0x00007ffb43db0000 - 0x00007ffb43dbc000 	C:\WINDOWS\SYSTEM32\CRYPTBASE.dll
0x00007ffb43860000 - 0x00007ffb4389b000 	C:\WINDOWS\SYSTEM32\IPHLPAPI.DLL
0x00007ffb469b0000 - 0x00007ffb469b8000 	C:\WINDOWS\System32\NSI.dll
0x00007ffb39b40000 - 0x00007ffb39b57000 	C:\WINDOWS\SYSTEM32\dhcpcsvc6.DLL
0x00007ffb3bb10000 - 0x00007ffb3bb2d000 	C:\WINDOWS\SYSTEM32\dhcpcsvc.DLL
0x00007ffb438b0000 - 0x00007ffb4397b000 	C:\WINDOWS\SYSTEM32\DNSAPI.dll
0x00007ffb0e680000 - 0x00007ffb0e6a7000 	C:\Program Files\Android\Android Studio\jre\bin\sunec.dll

dbghelp: loaded successfully - version: 4.0.5 - missing functions: none
symbol engine: initialized successfully - sym options: 0x614 - pdb path: .;C:\Program Files\Android\Android Studio\jre\bin;C:\WINDOWS\SYSTEM32;C:\WINDOWS\WinSxS\amd64_microsoft.windows.common-controls_6595b64144ccf1df_6.0.19041.1110_none_60b5254171f9507e;C:\Program Files\Android\Android Studio\jre\bin\server;C:\Users\Abhinay\.gradle\native\8bec1ad78214c89d9ad589b4d07fe93259594b29d510b10fafb7a158f7737e5d\windows-amd64;C:\Users\Abhinay\.gradle\native\53dbd7edfb1c66fb8903c78663c9afc45aea4f116125fa6feffd364cf09443e8\windows-amd64

VM Arguments:
jvm_args: --add-opens=java.base/java.util=ALL-UNNAMED --add-opens=java.base/java.lang=ALL-UNNAMED --add-opens=java.base/java.lang.invoke=ALL-UNNAMED --add-opens=java.base/java.util=ALL-UNNAMED --add-opens=java.prefs/java.util.prefs=ALL-UNNAMED --add-opens=java.prefs/java.util.prefs=ALL-UNNAMED --add-opens=java.base/java.nio.charset=ALL-UNNAMED --add-opens=java.base/java.net=ALL-UNNAMED --add-opens=java.base/java.util.concurrent.atomic=ALL-UNNAMED -Xmx2048m -Dfile.encoding=UTF-8 -Duser.country=US -Duser.language=en -Duser.variant 
java_command: org.gradle.launcher.daemon.bootstrap.GradleDaemon 7.0.2
java_class_path (initial): C:\Users\Abhinay\.gradle\wrapper\dists\gradle-7.0.2-bin\857tjihv64xamwrf0h14cai3r\gradle-7.0.2\lib\gradle-launcher-7.0.2.jar
Launcher Type: SUN_STANDARD

[Global flags]
     intx CICompilerCount                          = 4                                         {product} {ergonomic}
     uint ConcGCThreads                            = 2                                         {product} {ergonomic}
     uint G1ConcRefinementThreads                  = 8                                         {product} {ergonomic}
   size_t G1HeapRegionSize                         = 1048576                                   {product} {ergonomic}
    uintx GCDrainStackTargetSize                   = 64                                        {product} {ergonomic}
   size_t InitialHeapSize                          = 132120576                                 {product} {ergonomic}
   size_t MarkStackSize                            = 4194304                                   {product} {ergonomic}
   size_t MaxHeapSize                              = 2147483648                                {product} {command line}
   size_t MaxNewSize                               = 1287651328                                {product} {ergonomic}
   size_t MinHeapDeltaBytes                        = 1048576                                   {product} {ergonomic}
    uintx NonNMethodCodeHeapSize                   = 5836300                                {pd product} {ergonomic}
    uintx NonProfiledCodeHeapSize                  = 122910970                              {pd product} {ergonomic}
    uintx ProfiledCodeHeapSize                     = 122910970                              {pd product} {ergonomic}
    uintx ReservedCodeCacheSize                    = 251658240                              {pd product} {ergonomic}
     bool SegmentedCodeCache                       = true                                      {product} {ergonomic}
     bool UseCompressedClassPointers               = true                                 {lp64_product} {ergonomic}
     bool UseCompressedOops                        = true                                 {lp64_product} {ergonomic}
     bool UseG1GC                                  = true                                      {product} {ergonomic}
     bool UseLargePagesIndividualAllocation        = false                                  {pd product} {ergonomic}

Logging:
Log output configuration:
 #0: stdout all=warning uptime,level,tags
 #1: stderr all=off uptime,level,tags

Environment Variables:
JAVA_HOME=C:\Program Files\Java\jdk-15.0.2
PATH=C:\Program Files\Common Files\Oracle\Java\javapath;C:\Windows\system32;C:\Windows;C:\Windows\System32\Wbem;C:\Windows\System32\WindowsPowerShell\v1.0\;C:\Windows\System32\OpenSSH\;C:\Program Files\NVIDIA Corporation\NVIDIA NvDLISR;C:\Windows\IsmFiles;C:\Program Files\Java\jdk-15.0.2\bin;C:\Users\Abhinay\anaconda3;C:\WINDOWS\system32;C:\WINDOWS;C:\WINDOWS\System32\Wbem;C:\WINDOWS\System32\WindowsPowerShell\v1.0\;C:\WINDOWS\System32\OpenSSH\;C:\Program Files\dotnet\;C:\Program Files\Git\cmd;C:\msys64\mingw64\bin;C:\Users\Abhinay\AppData\Local\Programs\Microsoft VS Code\bin;C:\Users\Abhinay\AppData\Local\Programs\Python\Python39\Scripts\;C:\Users\Abhinay\AppData\Local\Programs\Python\Python39\;C:\Users\Abhinay\AppData\Local\Microsoft\WindowsApps;C:\Program Files\JetBrains\PyCharm Community Edition 2021.1.1\bin;;C:\Program Files\JetBrains\IntelliJ IDEA Community Edition 2021.2\bin;;C:\Users\Abhinay\AppData\Local\Programs\Microsoft VS Code\bin;C:\msys64\mingw64\bin;C:\Users\Abhinay\AppData\Local\GitHubDesktop\bin
USERNAME=Abhinay
OS=Windows_NT
PROCESSOR_IDENTIFIER=Intel64 Family 6 Model 126 Stepping 5, GenuineIntel



---------------  S Y S T E M  ---------------

OS: Windows 10 , 64 bit Build 19041 (10.0.19041.1348)
OS uptime: 8 days 11:10 hours

CPU:total 8 (initial active 8) (4 cores per cpu, 2 threads per core) family 6 model 126 stepping 5 microcode 0xa6, cmov, cx8, fxsr, mmx, sse, sse2, sse3, ssse3, sse4.1, sse4.2, popcnt, avx, avx2, aes, clmul, erms, 3dnowpref, lzcnt, ht, tsc, tscinvbit, bmi1, bmi2, adx, evex, sha, fma

Memory: 4k page, system-wide physical 7959M (414M free)
TotalPageFile size 13918M (AvailPageFile size 128M)
current process WorkingSet (physical memory assigned to process): 643M, peak: 643M
current process commit charge ("private bytes"): 841M, peak: 1239M

vm_info: OpenJDK 64-Bit Server VM (11.0.10+0-b96-7249189) for windows-amd64 JRE (11.0.10+0-b96-7249189), built on Mar 31 2021 21:44:00 by "builder" with MS VC++ 14.0 (VS2015)

END.
